Release 14.7 - xst P.20131013 (nt64)
Copyright (c) 1995-2013 Xilinx, Inc.  All rights reserved.
--> Parameter TMPDIR set to xst/projnav.tmp


Total REAL time to Xst completion: 0.00 secs
Total CPU time to Xst completion: 0.11 secs
 
--> Parameter xsthdpdir set to xst


Total REAL time to Xst completion: 0.00 secs
Total CPU time to Xst completion: 0.11 secs
 
--> Reading design: DisplayModule.prj

TABLE OF CONTENTS
  1) Synthesis Options Summary
  2) HDL Compilation
  3) Design Hierarchy Analysis
  4) HDL Analysis
  5) HDL Synthesis
     5.1) HDL Synthesis Report
  6) Advanced HDL Synthesis
     6.1) Advanced HDL Synthesis Report
  7) Low Level Synthesis
  8) Partition Report
  9) Final Report
	9.1) Device utilization summary
	9.2) Partition Resource Summary
	9.3) TIMING REPORT


=========================================================================
*                      Synthesis Options Summary                        *
=========================================================================
---- Source Parameters
Input File Name                    : "DisplayModule.prj"
Input Format                       : mixed
Ignore Synthesis Constraint File   : NO

---- Target Parameters
Output File Name                   : "DisplayModule"
Output Format                      : NGC
Target Device                      : xc3s100e-4-cp132

---- Source Options
Top Module Name                    : DisplayModule
Automatic FSM Extraction           : YES
FSM Encoding Algorithm             : Auto
Safe Implementation                : No
FSM Style                          : LUT
RAM Extraction                     : Yes
RAM Style                          : Auto
ROM Extraction                     : Yes
Mux Style                          : Auto
Decoder Extraction                 : YES
Priority Encoder Extraction        : Yes
Shift Register Extraction          : YES
Logical Shifter Extraction         : YES
XOR Collapsing                     : YES
ROM Style                          : Auto
Mux Extraction                     : Yes
Resource Sharing                   : YES
Asynchronous To Synchronous        : NO
Multiplier Style                   : Auto
Automatic Register Balancing       : No

---- Target Options
Add IO Buffers                     : YES
Global Maximum Fanout              : 100000
Add Generic Clock Buffer(BUFG)     : 24
Register Duplication               : YES
Slice Packing                      : YES
Optimize Instantiated Primitives   : NO
Use Clock Enable                   : Yes
Use Synchronous Set                : Yes
Use Synchronous Reset              : Yes
Pack IO Registers into IOBs        : Auto
Equivalent register Removal        : YES

---- General Options
Optimization Goal                  : Speed
Optimization Effort                : 1
Keep Hierarchy                     : No
Netlist Hierarchy                  : As_Optimized
RTL Output                         : Yes
Global Optimization                : AllClockNets
Read Cores                         : YES
Write Timing Constraints           : NO
Cross Clock Analysis               : NO
Hierarchy Separator                : /
Bus Delimiter                      : <>
Case Specifier                     : Maintain
Slice Utilization Ratio            : 100
BRAM Utilization Ratio             : 100
Verilog 2001                       : YES
Auto BRAM Packing                  : NO
Slice Utilization Ratio Delta      : 5

=========================================================================


=========================================================================
*                          HDL Compilation                              *
=========================================================================
Compiling vhdl file "C:/Users/Vason/Documents/GitHub/Physics-But-actually-CS-final/downloads/bin2BCD3en.vhd" in Library work.
Entity <bin2BCD3en> compiled.
Entity <bin2BCD3en> (Architecture <Behavioral>) compiled.
Compiling vhdl file "C:/Users/Vason/Documents/GitHub/Physics-But-actually-CS-final/downloads/DCM_50M.vhd" in Library work.
Entity <DCM_50M> compiled.
Entity <DCM_50M> (Architecture <Behavioral>) compiled.
Compiling vhdl file "C:/Users/Vason/Documents/GitHub/Physics-But-actually-CS-final/downloads/mux4SSD.vhd" in Library work.
Entity <mux4SSD> compiled.
Entity <mux4SSD> (Architecture <Behavioral>) compiled.
Compiling vhdl file "C:/Users/Vason/Documents/GitHub/Physics-But-actually-CS-final/downloads/sel_strobeB.vhd" in Library work.
Entity <sel_strobeB> compiled.
Entity <sel_strobeB> (Architecture <Behavioral>) compiled.
Compiling vhdl file "C:/Users/Vason/Documents/GitHub/Physics-But-actually-CS-final/downloads/SSD_1dig.vhd" in Library work.
Entity <SSD_1dig> compiled.
Entity <SSD_1dig> (Architecture <Behavioral>) compiled.
Compiling verilog file "sevenSeg.vf" in library work
Compiling verilog file "DisplayModule.vf" in library work
Module <sevenSeg> compiled
Module <M2_1_MXILINX_DisplayModule> compiled
Module <DisplayModule> compiled
No errors in compilation
Analysis of file <"DisplayModule.prj"> succeeded.
 

=========================================================================
*                     Design Hierarchy Analysis                         *
=========================================================================
Analyzing hierarchy for module <DisplayModule> in library <work>.

Analyzing hierarchy for module <M2_1_MXILINX_DisplayModule> in library <work>.

Analyzing hierarchy for module <M2_1_MXILINX_DisplayModule> in library <work>.

Analyzing hierarchy for module <M2_1_MXILINX_DisplayModule> in library <work>.

Analyzing hierarchy for module <M2_1_MXILINX_DisplayModule> in library <work>.

Analyzing hierarchy for module <M2_1_MXILINX_DisplayModule> in library <work>.

Analyzing hierarchy for module <M2_1_MXILINX_DisplayModule> in library <work>.

Analyzing hierarchy for module <M2_1_MXILINX_DisplayModule> in library <work>.

Analyzing hierarchy for module <M2_1_MXILINX_DisplayModule> in library <work>.

Analyzing hierarchy for module <M2_1_MXILINX_DisplayModule> in library <work>.

Analyzing hierarchy for module <M2_1_MXILINX_DisplayModule> in library <work>.

Analyzing hierarchy for module <M2_1_MXILINX_DisplayModule> in library <work>.

Analyzing hierarchy for module <M2_1_MXILINX_DisplayModule> in library <work>.

Analyzing hierarchy for module <M2_1_MXILINX_DisplayModule> in library <work>.

Analyzing hierarchy for module <sevenSeg> in library <work>.

Analyzing hierarchy for entity <dcm_50m> in library <work> (architecture <Behavioral>) with generics.
	DIV100 = 50
	DIV1k = 500
	DIV50 = 25

Analyzing hierarchy for entity <sel_strobeb> in library <work> (architecture <Behavioral>).

Analyzing hierarchy for entity <bin2bcd3en> in library <work> (architecture <Behavioral>).

Analyzing hierarchy for entity <ssd_1dig> in library <work> (architecture <Behavioral>).

Analyzing hierarchy for entity <mux4ssd> in library <work> (architecture <Behavioral>).


=========================================================================
*                            HDL Analysis                               *
=========================================================================
Analyzing top module <DisplayModule>.
Module <DisplayModule> is correct for synthesis.
 
    Set user-defined property "HU_SET =  XLXI_1_0" for instance <XLXI_1> in unit <DisplayModule>.
    Set user-defined property "HU_SET =  XLXI_10_9" for instance <XLXI_10> in unit <DisplayModule>.
    Set user-defined property "HU_SET =  XLXI_11_12" for instance <XLXI_11> in unit <DisplayModule>.
    Set user-defined property "HU_SET =  XLXI_12_10" for instance <XLXI_12> in unit <DisplayModule>.
    Set user-defined property "HU_SET =  XLXI_13_11" for instance <XLXI_13> in unit <DisplayModule>.
    Set user-defined property "HU_SET =  XLXI_2_1" for instance <XLXI_2> in unit <DisplayModule>.
    Set user-defined property "HU_SET =  XLXI_3_2" for instance <XLXI_3> in unit <DisplayModule>.
    Set user-defined property "HU_SET =  XLXI_4_3" for instance <XLXI_4> in unit <DisplayModule>.
    Set user-defined property "HU_SET =  XLXI_5_4" for instance <XLXI_5> in unit <DisplayModule>.
    Set user-defined property "HU_SET =  XLXI_6_5" for instance <XLXI_6> in unit <DisplayModule>.
    Set user-defined property "HU_SET =  XLXI_7_6" for instance <XLXI_7> in unit <DisplayModule>.
    Set user-defined property "HU_SET =  XLXI_8_7" for instance <XLXI_8> in unit <DisplayModule>.
    Set user-defined property "HU_SET =  XLXI_9_8" for instance <XLXI_9> in unit <DisplayModule>.
Analyzing module <M2_1_MXILINX_DisplayModule.1> in library <work>.
Module <M2_1_MXILINX_DisplayModule.1> is correct for synthesis.
 
Analyzing module <M2_1_MXILINX_DisplayModule.2> in library <work>.
Module <M2_1_MXILINX_DisplayModule.2> is correct for synthesis.
 
Analyzing module <M2_1_MXILINX_DisplayModule.3> in library <work>.
Module <M2_1_MXILINX_DisplayModule.3> is correct for synthesis.
 
Analyzing module <M2_1_MXILINX_DisplayModule.4> in library <work>.
Module <M2_1_MXILINX_DisplayModule.4> is correct for synthesis.
 
Analyzing module <M2_1_MXILINX_DisplayModule.5> in library <work>.
Module <M2_1_MXILINX_DisplayModule.5> is correct for synthesis.
 
Analyzing module <M2_1_MXILINX_DisplayModule.6> in library <work>.
Module <M2_1_MXILINX_DisplayModule.6> is correct for synthesis.
 
Analyzing module <M2_1_MXILINX_DisplayModule.7> in library <work>.
Module <M2_1_MXILINX_DisplayModule.7> is correct for synthesis.
 
Analyzing module <M2_1_MXILINX_DisplayModule.8> in library <work>.
Module <M2_1_MXILINX_DisplayModule.8> is correct for synthesis.
 
Analyzing module <M2_1_MXILINX_DisplayModule.9> in library <work>.
Module <M2_1_MXILINX_DisplayModule.9> is correct for synthesis.
 
Analyzing module <M2_1_MXILINX_DisplayModule.10> in library <work>.
Module <M2_1_MXILINX_DisplayModule.10> is correct for synthesis.
 
Analyzing module <M2_1_MXILINX_DisplayModule.11> in library <work>.
Module <M2_1_MXILINX_DisplayModule.11> is correct for synthesis.
 
Analyzing module <M2_1_MXILINX_DisplayModule.12> in library <work>.
Module <M2_1_MXILINX_DisplayModule.12> is correct for synthesis.
 
Analyzing module <M2_1_MXILINX_DisplayModule.13> in library <work>.
Module <M2_1_MXILINX_DisplayModule.13> is correct for synthesis.
 
Analyzing module <sevenSeg> in library <work>.
Module <sevenSeg> is correct for synthesis.
 
Analyzing generic Entity <dcm_50m> in library <work> (Architecture <Behavioral>).
	DIV100 = 50
	DIV1k = 500
	DIV50 = 25
Entity <dcm_50m> analyzed. Unit <dcm_50m> generated.

Analyzing Entity <sel_strobeb> in library <work> (Architecture <Behavioral>).
Entity <sel_strobeb> analyzed. Unit <sel_strobeb> generated.

Analyzing Entity <bin2bcd3en> in library <work> (Architecture <Behavioral>).
INFO:Xst:1561 - "C:/Users/Vason/Documents/GitHub/Physics-But-actually-CS-final/downloads/bin2BCD3en.vhd" line 62: Mux is complete : default of case is discarded
INFO:Xst:1561 - "C:/Users/Vason/Documents/GitHub/Physics-But-actually-CS-final/downloads/bin2BCD3en.vhd" line 62: Mux is complete : default of case is discarded
INFO:Xst:2679 - Register <Dout3> in unit <bin2bcd3en> has a constant value of 0000 during circuit operation. The register is replaced by logic.
Entity <bin2bcd3en> analyzed. Unit <bin2bcd3en> generated.

Analyzing Entity <ssd_1dig> in library <work> (Architecture <Behavioral>).
Entity <ssd_1dig> analyzed. Unit <ssd_1dig> generated.

Analyzing Entity <mux4ssd> in library <work> (Architecture <Behavioral>).
Entity <mux4ssd> analyzed. Unit <mux4ssd> generated.


=========================================================================
*                           HDL Synthesis                               *
=========================================================================

Performing bidirectional port resolution...

Synthesizing Unit <dcm_50m>.
    Related source file is "C:/Users/Vason/Documents/GitHub/Physics-But-actually-CS-final/downloads/DCM_50M.vhd".
    Found 1-bit register for signal <clk_1>.
    Found 32-bit adder for signal <clk_1$addsub0000> created at line 121.
    Found 32-bit comparator greater for signal <clk_1$cmp_gt0000> created at line 122.
    Found 1-bit register for signal <clk_10k>.
    Found 1-bit register for signal <clk_1k>.
    Found 32-bit adder for signal <clk_1k$addsub0000> created at line 101.
    Found 32-bit comparator greater for signal <clk_1k$cmp_gt0000> created at line 102.
    Found 1-bit register for signal <clk_1m>.
    Found 32-bit adder for signal <clk_1m$addsub0000> created at line 61.
    Found 32-bit comparator greatequal for signal <clk_1m$cmp_ge0000> created at line 62.
    Found 32-bit up counter for signal <cnt1>.
    Found 32-bit up counter for signal <cnt10k>.
    Found 32-bit adder for signal <cnt10k$addsub0000> created at line 81.
    Found 32-bit comparator greater for signal <cnt10k$cmp_gt0000> created at line 82.
    Found 32-bit up counter for signal <cnt1k>.
    Found 32-bit up counter for signal <cnt1M>.
    Summary:
	inferred   4 Counter(s).
	inferred   4 D-type flip-flop(s).
	inferred   4 Adder/Subtractor(s).
	inferred   4 Comparator(s).
Unit <dcm_50m> synthesized.


Synthesizing Unit <sel_strobeb>.
    Related source file is "C:/Users/Vason/Documents/GitHub/Physics-But-actually-CS-final/downloads/sel_strobeB.vhd".
    Found 4x2-bit ROM for signal <sel$mux0001> created at line 44.
    Found 2-bit register for signal <sel>.
    Found 2-bit register for signal <selx>.
    Summary:
	inferred   1 ROM(s).
	inferred   4 D-type flip-flop(s).
Unit <sel_strobeb> synthesized.


Synthesizing Unit <bin2bcd3en>.
    Related source file is "C:/Users/Vason/Documents/GitHub/Physics-But-actually-CS-final/downloads/bin2BCD3en.vhd".
    Found 16x4-bit ROM for signal <b9$mux0000> created at line 50.
    Found 16x4-bit ROM for signal <b8$mux0000> created at line 50.
    Found 16x4-bit ROM for signal <b7$mux0000> created at line 50.
    Found 16x4-bit ROM for signal <b6$mux0000> created at line 50.
    Found 16x4-bit ROM for signal <b4$mux0000> created at line 50.
    Found 8x4-bit ROM for signal <b$mux0000> created at line 50.
    Found 16x4-bit ROM for signal <b11$mux0000> created at line 50.
    Found 16x4-bit ROM for signal <b10$mux0000> created at line 50.
    Found 4-bit register for signal <RBout>.
    Found 4-bit register for signal <Dout0>.
    Found 4-bit register for signal <Dout1>.
    Found 4-bit register for signal <Dout2>.
    Summary:
	inferred   8 ROM(s).
	inferred  12 D-type flip-flop(s).
Unit <bin2bcd3en> synthesized.


Synthesizing Unit <ssd_1dig>.
    Related source file is "C:/Users/Vason/Documents/GitHub/Physics-But-actually-CS-final/downloads/SSD_1dig.vhd".
    Found 16x7-bit ROM for signal <hexD$rom0000>.
    Summary:
	inferred   1 ROM(s).
Unit <ssd_1dig> synthesized.


Synthesizing Unit <mux4ssd>.
    Related source file is "C:/Users/Vason/Documents/GitHub/Physics-But-actually-CS-final/downloads/mux4SSD.vhd".
Unit <mux4ssd> synthesized.


Synthesizing Unit <M2_1_MXILINX_DisplayModule_1>.
    Related source file is "DisplayModule.vf".
Unit <M2_1_MXILINX_DisplayModule_1> synthesized.


Synthesizing Unit <M2_1_MXILINX_DisplayModule_2>.
    Related source file is "DisplayModule.vf".
Unit <M2_1_MXILINX_DisplayModule_2> synthesized.


Synthesizing Unit <M2_1_MXILINX_DisplayModule_3>.
    Related source file is "DisplayModule.vf".
Unit <M2_1_MXILINX_DisplayModule_3> synthesized.


Synthesizing Unit <M2_1_MXILINX_DisplayModule_4>.
    Related source file is "DisplayModule.vf".
Unit <M2_1_MXILINX_DisplayModule_4> synthesized.


Synthesizing Unit <M2_1_MXILINX_DisplayModule_5>.
    Related source file is "DisplayModule.vf".
Unit <M2_1_MXILINX_DisplayModule_5> synthesized.


Synthesizing Unit <M2_1_MXILINX_DisplayModule_6>.
    Related source file is "DisplayModule.vf".
Unit <M2_1_MXILINX_DisplayModule_6> synthesized.


Synthesizing Unit <M2_1_MXILINX_DisplayModule_7>.
    Related source file is "DisplayModule.vf".
Unit <M2_1_MXILINX_DisplayModule_7> synthesized.


Synthesizing Unit <M2_1_MXILINX_DisplayModule_8>.
    Related source file is "DisplayModule.vf".
Unit <M2_1_MXILINX_DisplayModule_8> synthesized.


Synthesizing Unit <M2_1_MXILINX_DisplayModule_9>.
    Related source file is "DisplayModule.vf".
Unit <M2_1_MXILINX_DisplayModule_9> synthesized.


Synthesizing Unit <M2_1_MXILINX_DisplayModule_10>.
    Related source file is "DisplayModule.vf".
Unit <M2_1_MXILINX_DisplayModule_10> synthesized.


Synthesizing Unit <M2_1_MXILINX_DisplayModule_11>.
    Related source file is "DisplayModule.vf".
Unit <M2_1_MXILINX_DisplayModule_11> synthesized.


Synthesizing Unit <M2_1_MXILINX_DisplayModule_12>.
    Related source file is "DisplayModule.vf".
Unit <M2_1_MXILINX_DisplayModule_12> synthesized.


Synthesizing Unit <M2_1_MXILINX_DisplayModule_13>.
    Related source file is "DisplayModule.vf".
Unit <M2_1_MXILINX_DisplayModule_13> synthesized.


Synthesizing Unit <sevenSeg>.
    Related source file is "sevenSeg.vf".
Unit <sevenSeg> synthesized.


Synthesizing Unit <DisplayModule>.
    Related source file is "DisplayModule.vf".
WARNING:Xst:653 - Signal <XLXN_44> is used but never assigned. This sourceless signal will be automatically connected to value 0.
WARNING:Xst:653 - Signal <XLXN_41> is used but never assigned. This sourceless signal will be automatically connected to value 0.
WARNING:Xst:653 - Signal <XLXN_38> is used but never assigned. This sourceless signal will be automatically connected to value 0.
WARNING:Xst:653 - Signal <XLXN_35> is used but never assigned. This sourceless signal will be automatically connected to value 0.
WARNING:Xst:653 - Signal <XLXN_20> is used but never assigned. This sourceless signal will be automatically connected to value 0.
Unit <DisplayModule> synthesized.


=========================================================================
HDL Synthesis Report

Macro Statistics
# ROMs                                                 : 10
 16x4-bit ROM                                          : 7
 16x7-bit ROM                                          : 1
 4x2-bit ROM                                           : 1
 8x4-bit ROM                                           : 1
# Adders/Subtractors                                   : 4
 32-bit adder                                          : 4
# Counters                                             : 4
 32-bit up counter                                     : 4
# Registers                                            : 16
 1-bit register                                        : 12
 2-bit register                                        : 2
 4-bit register                                        : 2
# Comparators                                          : 4
 32-bit comparator greatequal                          : 1
 32-bit comparator greater                             : 3

=========================================================================

=========================================================================
*                       Advanced HDL Synthesis                          *
=========================================================================

INFO:Xst:2261 - The FF/Latch <Dout2_2> in Unit <XLXI_84> is equivalent to the following FF/Latch, which will be removed : <Dout2_3> 
WARNING:Xst:1710 - FF/Latch <Dout2_2> (without init value) has a constant value of 0 in block <XLXI_84>. This FF/Latch will be trimmed during the optimization process.
WARNING:Xst:2404 -  FFs/Latches <Dout2<3:2>> (without init value) have a constant value of 0 in block <bin2bcd3en>.

Synthesizing (advanced) Unit <sel_strobeb>.
INFO:Xst:3034 - In order to maximize performance and save block RAM resources, the small ROM <Mrom_sel_mux0001> will be implemented on LUT. If you want to force its implementation on block, use option/constraint rom_style.
Unit <sel_strobeb> synthesized (advanced).

=========================================================================
Advanced HDL Synthesis Report

Macro Statistics
# ROMs                                                 : 10
 16x4-bit ROM                                          : 7
 16x7-bit ROM                                          : 1
 4x2-bit ROM                                           : 1
 8x4-bit ROM                                           : 1
# Adders/Subtractors                                   : 4
 32-bit adder                                          : 4
# Counters                                             : 4
 32-bit up counter                                     : 4
# Registers                                            : 22
 Flip-Flops                                            : 22
# Comparators                                          : 4
 32-bit comparator greatequal                          : 1
 32-bit comparator greater                             : 3

=========================================================================

=========================================================================
*                         Low Level Synthesis                           *
=========================================================================
INFO:Xst:2261 - The FF/Latch <RBout_1> in Unit <bin2bcd3en> is equivalent to the following FF/Latch, which will be removed : <RBout_0> 
WARNING:Xst:1710 - FF/Latch <RBout_3> (without init value) has a constant value of 1 in block <bin2bcd3en>. This FF/Latch will be trimmed during the optimization process.
WARNING:Xst:1895 - Due to other FF/Latch trimming, FF/Latch <RBout_1> (without init value) has a constant value of 0 in block <bin2bcd3en>. This FF/Latch will be trimmed during the optimization process.

Optimizing unit <DisplayModule> ...

Optimizing unit <dcm_50m> ...

Optimizing unit <M2_1_MXILINX_DisplayModule_1> ...

Optimizing unit <M2_1_MXILINX_DisplayModule_2> ...

Optimizing unit <M2_1_MXILINX_DisplayModule_3> ...

Optimizing unit <M2_1_MXILINX_DisplayModule_4> ...

Optimizing unit <M2_1_MXILINX_DisplayModule_5> ...

Optimizing unit <M2_1_MXILINX_DisplayModule_6> ...

Optimizing unit <M2_1_MXILINX_DisplayModule_7> ...

Optimizing unit <M2_1_MXILINX_DisplayModule_8> ...

Optimizing unit <M2_1_MXILINX_DisplayModule_9> ...

Optimizing unit <M2_1_MXILINX_DisplayModule_10> ...

Optimizing unit <M2_1_MXILINX_DisplayModule_11> ...

Optimizing unit <M2_1_MXILINX_DisplayModule_12> ...

Optimizing unit <M2_1_MXILINX_DisplayModule_13> ...

Optimizing unit <bin2bcd3en> ...
WARNING:Xst:2677 - Node <XLXI_14/XLXI_82/cnt10k_31> of sequential type is unconnected in block <DisplayModule>.
WARNING:Xst:2677 - Node <XLXI_14/XLXI_82/cnt10k_30> of sequential type is unconnected in block <DisplayModule>.
WARNING:Xst:2677 - Node <XLXI_14/XLXI_82/cnt10k_29> of sequential type is unconnected in block <DisplayModule>.
WARNING:Xst:2677 - Node <XLXI_14/XLXI_82/cnt10k_28> of sequential type is unconnected in block <DisplayModule>.
WARNING:Xst:2677 - Node <XLXI_14/XLXI_82/cnt10k_27> of sequential type is unconnected in block <DisplayModule>.
WARNING:Xst:2677 - Node <XLXI_14/XLXI_82/cnt10k_26> of sequential type is unconnected in block <DisplayModule>.
WARNING:Xst:2677 - Node <XLXI_14/XLXI_82/cnt10k_25> of sequential type is unconnected in block <DisplayModule>.
WARNING:Xst:2677 - Node <XLXI_14/XLXI_82/cnt10k_24> of sequential type is unconnected in block <DisplayModule>.
WARNING:Xst:2677 - Node <XLXI_14/XLXI_82/cnt10k_23> of sequential type is unconnected in block <DisplayModule>.
WARNING:Xst:2677 - Node <XLXI_14/XLXI_82/cnt10k_22> of sequential type is unconnected in block <DisplayModule>.
WARNING:Xst:2677 - Node <XLXI_14/XLXI_82/cnt10k_21> of sequential type is unconnected in block <DisplayModule>.
WARNING:Xst:2677 - Node <XLXI_14/XLXI_82/cnt10k_20> of sequential type is unconnected in block <DisplayModule>.
WARNING:Xst:2677 - Node <XLXI_14/XLXI_82/cnt10k_19> of sequential type is unconnected in block <DisplayModule>.
WARNING:Xst:2677 - Node <XLXI_14/XLXI_82/cnt10k_18> of sequential type is unconnected in block <DisplayModule>.
WARNING:Xst:2677 - Node <XLXI_14/XLXI_82/cnt10k_17> of sequential type is unconnected in block <DisplayModule>.
WARNING:Xst:2677 - Node <XLXI_14/XLXI_82/cnt10k_16> of sequential type is unconnected in block <DisplayModule>.
WARNING:Xst:2677 - Node <XLXI_14/XLXI_82/cnt10k_15> of sequential type is unconnected in block <DisplayModule>.
WARNING:Xst:2677 - Node <XLXI_14/XLXI_82/cnt10k_14> of sequential type is unconnected in block <DisplayModule>.
WARNING:Xst:2677 - Node <XLXI_14/XLXI_82/cnt10k_13> of sequential type is unconnected in block <DisplayModule>.
WARNING:Xst:2677 - Node <XLXI_14/XLXI_82/cnt10k_12> of sequential type is unconnected in block <DisplayModule>.
WARNING:Xst:2677 - Node <XLXI_14/XLXI_82/cnt10k_11> of sequential type is unconnected in block <DisplayModule>.
WARNING:Xst:2677 - Node <XLXI_14/XLXI_82/cnt10k_10> of sequential type is unconnected in block <DisplayModule>.
WARNING:Xst:2677 - Node <XLXI_14/XLXI_82/cnt10k_9> of sequential type is unconnected in block <DisplayModule>.
WARNING:Xst:2677 - Node <XLXI_14/XLXI_82/cnt10k_8> of sequential type is unconnected in block <DisplayModule>.
WARNING:Xst:2677 - Node <XLXI_14/XLXI_82/cnt10k_7> of sequential type is unconnected in block <DisplayModule>.
WARNING:Xst:2677 - Node <XLXI_14/XLXI_82/cnt10k_6> of sequential type is unconnected in block <DisplayModule>.
WARNING:Xst:2677 - Node <XLXI_14/XLXI_82/cnt10k_5> of sequential type is unconnected in block <DisplayModule>.
WARNING:Xst:2677 - Node <XLXI_14/XLXI_82/cnt10k_4> of sequential type is unconnected in block <DisplayModule>.
WARNING:Xst:2677 - Node <XLXI_14/XLXI_82/cnt10k_3> of sequential type is unconnected in block <DisplayModule>.
WARNING:Xst:2677 - Node <XLXI_14/XLXI_82/cnt10k_2> of sequential type is unconnected in block <DisplayModule>.
WARNING:Xst:2677 - Node <XLXI_14/XLXI_82/cnt10k_1> of sequential type is unconnected in block <DisplayModule>.
WARNING:Xst:2677 - Node <XLXI_14/XLXI_82/cnt10k_0> of sequential type is unconnected in block <DisplayModule>.
WARNING:Xst:2677 - Node <XLXI_14/XLXI_82/cnt1_31> of sequential type is unconnected in block <DisplayModule>.
WARNING:Xst:2677 - Node <XLXI_14/XLXI_82/cnt1_30> of sequential type is unconnected in block <DisplayModule>.
WARNING:Xst:2677 - Node <XLXI_14/XLXI_82/cnt1_29> of sequential type is unconnected in block <DisplayModule>.
WARNING:Xst:2677 - Node <XLXI_14/XLXI_82/cnt1_28> of sequential type is unconnected in block <DisplayModule>.
WARNING:Xst:2677 - Node <XLXI_14/XLXI_82/cnt1_27> of sequential type is unconnected in block <DisplayModule>.
WARNING:Xst:2677 - Node <XLXI_14/XLXI_82/cnt1_26> of sequential type is unconnected in block <DisplayModule>.
WARNING:Xst:2677 - Node <XLXI_14/XLXI_82/cnt1_25> of sequential type is unconnected in block <DisplayModule>.
WARNING:Xst:2677 - Node <XLXI_14/XLXI_82/cnt1_24> of sequential type is unconnected in block <DisplayModule>.
WARNING:Xst:2677 - Node <XLXI_14/XLXI_82/cnt1_23> of sequential type is unconnected in block <DisplayModule>.
WARNING:Xst:2677 - Node <XLXI_14/XLXI_82/cnt1_22> of sequential type is unconnected in block <DisplayModule>.
WARNING:Xst:2677 - Node <XLXI_14/XLXI_82/cnt1_21> of sequential type is unconnected in block <DisplayModule>.
WARNING:Xst:2677 - Node <XLXI_14/XLXI_82/cnt1_20> of sequential type is unconnected in block <DisplayModule>.
WARNING:Xst:2677 - Node <XLXI_14/XLXI_82/cnt1_19> of sequential type is unconnected in block <DisplayModule>.
WARNING:Xst:2677 - Node <XLXI_14/XLXI_82/cnt1_18> of sequential type is unconnected in block <DisplayModule>.
WARNING:Xst:2677 - Node <XLXI_14/XLXI_82/cnt1_17> of sequential type is unconnected in block <DisplayModule>.
WARNING:Xst:2677 - Node <XLXI_14/XLXI_82/cnt1_16> of sequential type is unconnected in block <DisplayModule>.
WARNING:Xst:2677 - Node <XLXI_14/XLXI_82/cnt1_15> of sequential type is unconnected in block <DisplayModule>.
WARNING:Xst:2677 - Node <XLXI_14/XLXI_82/cnt1_14> of sequential type is unconnected in block <DisplayModule>.
WARNING:Xst:2677 - Node <XLXI_14/XLXI_82/cnt1_13> of sequential type is unconnected in block <DisplayModule>.
WARNING:Xst:2677 - Node <XLXI_14/XLXI_82/cnt1_12> of sequential type is unconnected in block <DisplayModule>.
WARNING:Xst:2677 - Node <XLXI_14/XLXI_82/cnt1_11> of sequential type is unconnected in block <DisplayModule>.
WARNING:Xst:2677 - Node <XLXI_14/XLXI_82/cnt1_10> of sequential type is unconnected in block <DisplayModule>.
WARNING:Xst:2677 - Node <XLXI_14/XLXI_82/cnt1_9> of sequential type is unconnected in block <DisplayModule>.
WARNING:Xst:2677 - Node <XLXI_14/XLXI_82/cnt1_8> of sequential type is unconnected in block <DisplayModule>.
WARNING:Xst:2677 - Node <XLXI_14/XLXI_82/cnt1_7> of sequential type is unconnected in block <DisplayModule>.
WARNING:Xst:2677 - Node <XLXI_14/XLXI_82/cnt1_6> of sequential type is unconnected in block <DisplayModule>.
WARNING:Xst:2677 - Node <XLXI_14/XLXI_82/cnt1_5> of sequential type is unconnected in block <DisplayModule>.
WARNING:Xst:2677 - Node <XLXI_14/XLXI_82/cnt1_4> of sequential type is unconnected in block <DisplayModule>.
WARNING:Xst:2677 - Node <XLXI_14/XLXI_82/cnt1_3> of sequential type is unconnected in block <DisplayModule>.
WARNING:Xst:2677 - Node <XLXI_14/XLXI_82/cnt1_2> of sequential type is unconnected in block <DisplayModule>.
WARNING:Xst:2677 - Node <XLXI_14/XLXI_82/cnt1_1> of sequential type is unconnected in block <DisplayModule>.
WARNING:Xst:2677 - Node <XLXI_14/XLXI_82/cnt1_0> of sequential type is unconnected in block <DisplayModule>.
WARNING:Xst:2677 - Node <XLXI_14/XLXI_82/clk_1> of sequential type is unconnected in block <DisplayModule>.
WARNING:Xst:2677 - Node <XLXI_14/XLXI_82/clk_10k> of sequential type is unconnected in block <DisplayModule>.
WARNING:Xst:2677 - Node <XLXI_14/XLXI_84/RBout_2> of sequential type is unconnected in block <DisplayModule>.

Mapping all equations...
Building and optimizing final netlist ...
Found area constraint ratio of 100 (+ 5) on block DisplayModule, actual ratio is 11.

Final Macro Processing ...

=========================================================================
Final Register Report

Macro Statistics
# Registers                                            : 80
 Flip-Flops                                            : 80

=========================================================================

=========================================================================
*                           Partition Report                            *
=========================================================================

Partition Implementation Status
-------------------------------

  No Partitions were found in this design.

-------------------------------

=========================================================================
*                            Final Report                               *
=========================================================================
Final Results
RTL Top Level Output File Name     : DisplayModule.ngr
Top Level Output File Name         : DisplayModule
Output Format                      : NGC
Optimization Goal                  : Speed
Keep Hierarchy                     : No

Design Statistics
# IOs                              : 40

Cell Usage :
# BELS                             : 530
#      AND2                        : 13
#      AND2B1                      : 13
#      GND                         : 1
#      INV                         : 11
#      LUT1                        : 127
#      LUT2                        : 23
#      LUT3                        : 8
#      LUT4                        : 43
#      MUXCY                       : 147
#      MUXF5                       : 2
#      OR2                         : 13
#      VCC                         : 1
#      XORCY                       : 128
# FlipFlops/Latches                : 80
#      FD                          : 3
#      FDC                         : 2
#      FDCP                        : 8
#      FDE                         : 2
#      FDR                         : 65
# Clock Buffers                    : 2
#      BUFG                        : 1
#      BUFGP                       : 1
# IO Buffers                       : 38
#      IBUF                        : 22
#      OBUF                        : 16
# Others                           : 1
#      PULLUP                      : 1
=========================================================================

Device utilization summary:
---------------------------

Selected Device : 3s100ecp132-4 

 Number of Slices:                      110  out of    960    11%  
 Number of Slice Flip Flops:             80  out of   1920     4%  
 Number of 4 input LUTs:                212  out of   1920    11%  
 Number of IOs:                          40
 Number of bonded IOBs:                  39  out of     83    46%  
 Number of GCLKs:                         2  out of     24     8%  

---------------------------
Partition Resource Summary:
---------------------------

  No Partitions were found in this design.

---------------------------


=========================================================================
TIMING REPORT

NOTE: THESE TIMING NUMBERS ARE ONLY A SYNTHESIS ESTIMATE.
      FOR ACCURATE TIMING INFORMATION PLEASE REFER TO THE TRACE REPORT
      GENERATED AFTER PLACE-and-ROUTE.

Clock Information:
------------------
-----------------------------------+-----------------------------+-------+
Clock Signal                       | Clock buffer(FF name)       | Load  |
-----------------------------------+-----------------------------+-------+
XLXI_14/XLXI_82/clk_1k             | NONE(XLXI_14/XLXI_83/selx_1)| 14    |
XLXI_14/XLXI_82/clk_1m1            | BUFG                        | 33    |
CLK                                | BUFGP                       | 33    |
-----------------------------------+-----------------------------+-------+
INFO:Xst:2169 - HDL ADVISOR - Some clock signals were not automatically buffered by XST with BUFG/BUFR resources. Please use the buffer_type constraint in order to insert these buffers to the clock signals to help prevent skew problems.

Asynchronous Control Signals Information:
----------------------------------------
-------------------------------------------------------------------+------------------------------+-------+
Control Signal                                                     | Buffer(FF name)              | Load  |
-------------------------------------------------------------------+------------------------------+-------+
MODE                                                               | IBUF                         | 2     |
XLXI_14/XLXI_84/Dout0_0_and0000(XLXI_14/XLXI_84/Dout0_0_and00001:O)| NONE(XLXI_14/XLXI_84/Dout0_0)| 1     |
XLXI_14/XLXI_84/Dout0_0_and0001(XLXI_14/XLXI_84/Dout0_0_and00011:O)| NONE(XLXI_14/XLXI_84/Dout0_0)| 1     |
XLXI_14/XLXI_84/Dout0_1_and0000(XLXI_14/XLXI_84/Dout0_1_and00001:O)| NONE(XLXI_14/XLXI_84/Dout0_1)| 1     |
XLXI_14/XLXI_84/Dout0_1_and0001(XLXI_14/XLXI_84/Dout0_1_and00011:O)| NONE(XLXI_14/XLXI_84/Dout0_1)| 1     |
XLXI_14/XLXI_84/Dout0_2_and0000(XLXI_14/XLXI_84/Dout0_2_and00001:O)| NONE(XLXI_14/XLXI_84/Dout0_2)| 1     |
XLXI_14/XLXI_84/Dout0_2_and0001(XLXI_14/XLXI_84/Dout0_2_and00011:O)| NONE(XLXI_14/XLXI_84/Dout0_2)| 1     |
XLXI_14/XLXI_84/Dout0_3_and0000(XLXI_14/XLXI_84/Dout0_3_and00001:O)| NONE(XLXI_14/XLXI_84/Dout0_3)| 1     |
XLXI_14/XLXI_84/Dout0_3_and0001(XLXI_14/XLXI_84/Dout0_3_and00011:O)| NONE(XLXI_14/XLXI_84/Dout0_3)| 1     |
XLXI_14/XLXI_84/Dout1_0_and0000(XLXI_14/XLXI_84/Dout1_0_and00001:O)| NONE(XLXI_14/XLXI_84/Dout1_0)| 1     |
XLXI_14/XLXI_84/Dout1_0_and0001(XLXI_14/XLXI_84/Dout1_0_and00011:O)| NONE(XLXI_14/XLXI_84/Dout1_0)| 1     |
XLXI_14/XLXI_84/Dout1_1_and0000(XLXI_14/XLXI_84/Dout1_1_and00001:O)| NONE(XLXI_14/XLXI_84/Dout1_1)| 1     |
XLXI_14/XLXI_84/Dout1_1_and0001(XLXI_14/XLXI_84/Dout1_1_and00011:O)| NONE(XLXI_14/XLXI_84/Dout1_1)| 1     |
XLXI_14/XLXI_84/Dout1_2_and0000(XLXI_14/XLXI_84/Dout1_2_and00001:O)| NONE(XLXI_14/XLXI_84/Dout1_2)| 1     |
XLXI_14/XLXI_84/Dout1_2_and0001(XLXI_14/XLXI_84/Dout1_2_and00011:O)| NONE(XLXI_14/XLXI_84/Dout1_2)| 1     |
XLXI_14/XLXI_84/Dout1_3_and0000(XLXI_14/XLXI_84/Dout1_3_and00001:O)| NONE(XLXI_14/XLXI_84/Dout1_3)| 1     |
XLXI_14/XLXI_84/Dout1_3_and0001(XLXI_14/XLXI_84/Dout1_3_and00011:O)| NONE(XLXI_14/XLXI_84/Dout1_3)| 1     |
-------------------------------------------------------------------+------------------------------+-------+

Timing Summary:
---------------
Speed Grade: -4

   Minimum period: 10.324ns (Maximum Frequency: 96.860MHz)
   Minimum input arrival time before clock: 10.470ns
   Maximum output required time after clock: 8.721ns
   Maximum combinational path delay: 8.004ns

Timing Detail:
--------------
All values displayed in nanoseconds (ns)

=========================================================================
Timing constraint: Default period analysis for Clock 'XLXI_14/XLXI_82/clk_1k'
  Clock period: 2.225ns (frequency: 449.438MHz)
  Total number of paths / destination ports: 5 / 4
-------------------------------------------------------------------------
Delay:               2.225ns (Levels of Logic = 1)
  Source:            XLXI_14/XLXI_83/selx_1 (FF)
  Destination:       XLXI_14/XLXI_83/sel_0 (FF)
  Source Clock:      XLXI_14/XLXI_82/clk_1k rising
  Destination Clock: XLXI_14/XLXI_82/clk_1k rising

  Data Path: XLXI_14/XLXI_83/selx_1 to XLXI_14/XLXI_83/sel_0
                                Gate     Net
    Cell:in->out      fanout   Delay   Delay  Logical Name (Net Name)
    ----------------------------------------  ------------
     FD:C->Q               2   0.591   0.622  XLXI_14/XLXI_83/selx_1 (XLXI_14/XLXI_83/selx_1)
     LUT2:I0->O            1   0.704   0.000  XLXI_14/XLXI_83/Mrom_sel_mux0001111 (XLXI_14/XLXI_83/Mrom_sel_mux00011)
     FD:D                      0.308          XLXI_14/XLXI_83/sel_0
    ----------------------------------------
    Total                      2.225ns (1.603ns logic, 0.622ns route)
                                       (72.0% logic, 28.0% route)

=========================================================================
Timing constraint: Default period analysis for Clock 'XLXI_14/XLXI_82/clk_1m1'
  Clock period: 10.324ns (frequency: 96.860MHz)
  Total number of paths / destination ports: 19009 / 66
-------------------------------------------------------------------------
Delay:               10.324ns (Levels of Logic = 34)
  Source:            XLXI_14/XLXI_82/cnt1k_1 (FF)
  Destination:       XLXI_14/XLXI_82/cnt1k_31 (FF)
  Source Clock:      XLXI_14/XLXI_82/clk_1m1 rising
  Destination Clock: XLXI_14/XLXI_82/clk_1m1 rising

  Data Path: XLXI_14/XLXI_82/cnt1k_1 to XLXI_14/XLXI_82/cnt1k_31
                                Gate     Net
    Cell:in->out      fanout   Delay   Delay  Logical Name (Net Name)
    ----------------------------------------  ------------
     FDR:C->Q              2   0.591   0.622  XLXI_14/XLXI_82/cnt1k_1 (XLXI_14/XLXI_82/cnt1k_1)
     LUT1:I0->O            1   0.704   0.000  XLXI_14/XLXI_82/Madd_clk_1k_addsub0000_cy<1>_rt (XLXI_14/XLXI_82/Madd_clk_1k_addsub0000_cy<1>_rt)
     MUXCY:S->O            1   0.464   0.000  XLXI_14/XLXI_82/Madd_clk_1k_addsub0000_cy<1> (XLXI_14/XLXI_82/Madd_clk_1k_addsub0000_cy<1>)
     MUXCY:CI->O           1   0.059   0.000  XLXI_14/XLXI_82/Madd_clk_1k_addsub0000_cy<2> (XLXI_14/XLXI_82/Madd_clk_1k_addsub0000_cy<2>)
     MUXCY:CI->O           1   0.059   0.000  XLXI_14/XLXI_82/Madd_clk_1k_addsub0000_cy<3> (XLXI_14/XLXI_82/Madd_clk_1k_addsub0000_cy<3>)
     MUXCY:CI->O           1   0.059   0.000  XLXI_14/XLXI_82/Madd_clk_1k_addsub0000_cy<4> (XLXI_14/XLXI_82/Madd_clk_1k_addsub0000_cy<4>)
     MUXCY:CI->O           1   0.059   0.000  XLXI_14/XLXI_82/Madd_clk_1k_addsub0000_cy<5> (XLXI_14/XLXI_82/Madd_clk_1k_addsub0000_cy<5>)
     MUXCY:CI->O           1   0.059   0.000  XLXI_14/XLXI_82/Madd_clk_1k_addsub0000_cy<6> (XLXI_14/XLXI_82/Madd_clk_1k_addsub0000_cy<6>)
     MUXCY:CI->O           1   0.059   0.000  XLXI_14/XLXI_82/Madd_clk_1k_addsub0000_cy<7> (XLXI_14/XLXI_82/Madd_clk_1k_addsub0000_cy<7>)
     MUXCY:CI->O           1   0.059   0.000  XLXI_14/XLXI_82/Madd_clk_1k_addsub0000_cy<8> (XLXI_14/XLXI_82/Madd_clk_1k_addsub0000_cy<8>)
     MUXCY:CI->O           1   0.059   0.000  XLXI_14/XLXI_82/Madd_clk_1k_addsub0000_cy<9> (XLXI_14/XLXI_82/Madd_clk_1k_addsub0000_cy<9>)
     MUXCY:CI->O           1   0.059   0.000  XLXI_14/XLXI_82/Madd_clk_1k_addsub0000_cy<10> (XLXI_14/XLXI_82/Madd_clk_1k_addsub0000_cy<10>)
     MUXCY:CI->O           1   0.059   0.000  XLXI_14/XLXI_82/Madd_clk_1k_addsub0000_cy<11> (XLXI_14/XLXI_82/Madd_clk_1k_addsub0000_cy<11>)
     MUXCY:CI->O           1   0.059   0.000  XLXI_14/XLXI_82/Madd_clk_1k_addsub0000_cy<12> (XLXI_14/XLXI_82/Madd_clk_1k_addsub0000_cy<12>)
     MUXCY:CI->O           1   0.059   0.000  XLXI_14/XLXI_82/Madd_clk_1k_addsub0000_cy<13> (XLXI_14/XLXI_82/Madd_clk_1k_addsub0000_cy<13>)
     MUXCY:CI->O           1   0.059   0.000  XLXI_14/XLXI_82/Madd_clk_1k_addsub0000_cy<14> (XLXI_14/XLXI_82/Madd_clk_1k_addsub0000_cy<14>)
     MUXCY:CI->O           1   0.059   0.000  XLXI_14/XLXI_82/Madd_clk_1k_addsub0000_cy<15> (XLXI_14/XLXI_82/Madd_clk_1k_addsub0000_cy<15>)
     MUXCY:CI->O           1   0.059   0.000  XLXI_14/XLXI_82/Madd_clk_1k_addsub0000_cy<16> (XLXI_14/XLXI_82/Madd_clk_1k_addsub0000_cy<16>)
     MUXCY:CI->O           1   0.059   0.000  XLXI_14/XLXI_82/Madd_clk_1k_addsub0000_cy<17> (XLXI_14/XLXI_82/Madd_clk_1k_addsub0000_cy<17>)
     MUXCY:CI->O           1   0.059   0.000  XLXI_14/XLXI_82/Madd_clk_1k_addsub0000_cy<18> (XLXI_14/XLXI_82/Madd_clk_1k_addsub0000_cy<18>)
     MUXCY:CI->O           1   0.059   0.000  XLXI_14/XLXI_82/Madd_clk_1k_addsub0000_cy<19> (XLXI_14/XLXI_82/Madd_clk_1k_addsub0000_cy<19>)
     MUXCY:CI->O           1   0.059   0.000  XLXI_14/XLXI_82/Madd_clk_1k_addsub0000_cy<20> (XLXI_14/XLXI_82/Madd_clk_1k_addsub0000_cy<20>)
     MUXCY:CI->O           1   0.059   0.000  XLXI_14/XLXI_82/Madd_clk_1k_addsub0000_cy<21> (XLXI_14/XLXI_82/Madd_clk_1k_addsub0000_cy<21>)
     MUXCY:CI->O           1   0.059   0.000  XLXI_14/XLXI_82/Madd_clk_1k_addsub0000_cy<22> (XLXI_14/XLXI_82/Madd_clk_1k_addsub0000_cy<22>)
     MUXCY:CI->O           1   0.059   0.000  XLXI_14/XLXI_82/Madd_clk_1k_addsub0000_cy<23> (XLXI_14/XLXI_82/Madd_clk_1k_addsub0000_cy<23>)
     MUXCY:CI->O           1   0.059   0.000  XLXI_14/XLXI_82/Madd_clk_1k_addsub0000_cy<24> (XLXI_14/XLXI_82/Madd_clk_1k_addsub0000_cy<24>)
     MUXCY:CI->O           1   0.059   0.000  XLXI_14/XLXI_82/Madd_clk_1k_addsub0000_cy<25> (XLXI_14/XLXI_82/Madd_clk_1k_addsub0000_cy<25>)
     MUXCY:CI->O           1   0.059   0.000  XLXI_14/XLXI_82/Madd_clk_1k_addsub0000_cy<26> (XLXI_14/XLXI_82/Madd_clk_1k_addsub0000_cy<26>)
     MUXCY:CI->O           1   0.059   0.000  XLXI_14/XLXI_82/Madd_clk_1k_addsub0000_cy<27> (XLXI_14/XLXI_82/Madd_clk_1k_addsub0000_cy<27>)
     MUXCY:CI->O           1   0.059   0.000  XLXI_14/XLXI_82/Madd_clk_1k_addsub0000_cy<28> (XLXI_14/XLXI_82/Madd_clk_1k_addsub0000_cy<28>)
     XORCY:CI->O           1   0.804   0.595  XLXI_14/XLXI_82/Madd_clk_1k_addsub0000_xor<29> (XLXI_14/XLXI_82/clk_1k_addsub0000<29>)
     LUT2:I0->O            1   0.704   0.000  XLXI_14/XLXI_82/Mcompar_clk_1k_cmp_gt0000_lut<10> (XLXI_14/XLXI_82/Mcompar_clk_1k_cmp_gt0000_lut<10>)
     MUXCY:S->O            1   0.464   0.000  XLXI_14/XLXI_82/Mcompar_clk_1k_cmp_gt0000_cy<10> (XLXI_14/XLXI_82/Mcompar_clk_1k_cmp_gt0000_cy<10>)
     MUXCY:CI->O           2   0.459   0.447  XLXI_14/XLXI_82/Mcompar_clk_1k_cmp_gt0000_cy<11> (XLXI_14/XLXI_82/Mcompar_clk_1k_cmp_gt0000_cy<11>)
     INV:I->O             32   0.704   1.262  XLXI_14/XLXI_82/Mcompar_clk_1k_cmp_gt0000_cy<11>_inv_INV_0 (XLXI_14/XLXI_82/clk_1k_cmp_gt0000)
     FDR:R                     0.911          XLXI_14/XLXI_82/cnt1k_0
    ----------------------------------------
    Total                     10.324ns (7.398ns logic, 2.926ns route)
                                       (71.7% logic, 28.3% route)

=========================================================================
Timing constraint: Default period analysis for Clock 'CLK'
  Clock period: 9.046ns (frequency: 110.552MHz)
  Total number of paths / destination ports: 17953 / 66
-------------------------------------------------------------------------
Delay:               9.046ns (Levels of Logic = 33)
  Source:            XLXI_14/XLXI_82/cnt1M_1 (FF)
  Destination:       XLXI_14/XLXI_82/cnt1M_31 (FF)
  Source Clock:      CLK rising
  Destination Clock: CLK rising

  Data Path: XLXI_14/XLXI_82/cnt1M_1 to XLXI_14/XLXI_82/cnt1M_31
                                Gate     Net
    Cell:in->out      fanout   Delay   Delay  Logical Name (Net Name)
    ----------------------------------------  ------------
     FDR:C->Q              2   0.591   0.622  XLXI_14/XLXI_82/cnt1M_1 (XLXI_14/XLXI_82/cnt1M_1)
     LUT1:I0->O            1   0.704   0.000  XLXI_14/XLXI_82/Madd_clk_1m_addsub0000_cy<1>_rt (XLXI_14/XLXI_82/Madd_clk_1m_addsub0000_cy<1>_rt)
     MUXCY:S->O            1   0.464   0.000  XLXI_14/XLXI_82/Madd_clk_1m_addsub0000_cy<1> (XLXI_14/XLXI_82/Madd_clk_1m_addsub0000_cy<1>)
     MUXCY:CI->O           1   0.059   0.000  XLXI_14/XLXI_82/Madd_clk_1m_addsub0000_cy<2> (XLXI_14/XLXI_82/Madd_clk_1m_addsub0000_cy<2>)
     MUXCY:CI->O           1   0.059   0.000  XLXI_14/XLXI_82/Madd_clk_1m_addsub0000_cy<3> (XLXI_14/XLXI_82/Madd_clk_1m_addsub0000_cy<3>)
     MUXCY:CI->O           1   0.059   0.000  XLXI_14/XLXI_82/Madd_clk_1m_addsub0000_cy<4> (XLXI_14/XLXI_82/Madd_clk_1m_addsub0000_cy<4>)
     MUXCY:CI->O           1   0.059   0.000  XLXI_14/XLXI_82/Madd_clk_1m_addsub0000_cy<5> (XLXI_14/XLXI_82/Madd_clk_1m_addsub0000_cy<5>)
     MUXCY:CI->O           1   0.059   0.000  XLXI_14/XLXI_82/Madd_clk_1m_addsub0000_cy<6> (XLXI_14/XLXI_82/Madd_clk_1m_addsub0000_cy<6>)
     MUXCY:CI->O           1   0.059   0.000  XLXI_14/XLXI_82/Madd_clk_1m_addsub0000_cy<7> (XLXI_14/XLXI_82/Madd_clk_1m_addsub0000_cy<7>)
     MUXCY:CI->O           1   0.059   0.000  XLXI_14/XLXI_82/Madd_clk_1m_addsub0000_cy<8> (XLXI_14/XLXI_82/Madd_clk_1m_addsub0000_cy<8>)
     MUXCY:CI->O           1   0.059   0.000  XLXI_14/XLXI_82/Madd_clk_1m_addsub0000_cy<9> (XLXI_14/XLXI_82/Madd_clk_1m_addsub0000_cy<9>)
     MUXCY:CI->O           1   0.059   0.000  XLXI_14/XLXI_82/Madd_clk_1m_addsub0000_cy<10> (XLXI_14/XLXI_82/Madd_clk_1m_addsub0000_cy<10>)
     MUXCY:CI->O           1   0.059   0.000  XLXI_14/XLXI_82/Madd_clk_1m_addsub0000_cy<11> (XLXI_14/XLXI_82/Madd_clk_1m_addsub0000_cy<11>)
     MUXCY:CI->O           1   0.059   0.000  XLXI_14/XLXI_82/Madd_clk_1m_addsub0000_cy<12> (XLXI_14/XLXI_82/Madd_clk_1m_addsub0000_cy<12>)
     MUXCY:CI->O           1   0.059   0.000  XLXI_14/XLXI_82/Madd_clk_1m_addsub0000_cy<13> (XLXI_14/XLXI_82/Madd_clk_1m_addsub0000_cy<13>)
     MUXCY:CI->O           1   0.059   0.000  XLXI_14/XLXI_82/Madd_clk_1m_addsub0000_cy<14> (XLXI_14/XLXI_82/Madd_clk_1m_addsub0000_cy<14>)
     MUXCY:CI->O           1   0.059   0.000  XLXI_14/XLXI_82/Madd_clk_1m_addsub0000_cy<15> (XLXI_14/XLXI_82/Madd_clk_1m_addsub0000_cy<15>)
     MUXCY:CI->O           1   0.059   0.000  XLXI_14/XLXI_82/Madd_clk_1m_addsub0000_cy<16> (XLXI_14/XLXI_82/Madd_clk_1m_addsub0000_cy<16>)
     MUXCY:CI->O           1   0.059   0.000  XLXI_14/XLXI_82/Madd_clk_1m_addsub0000_cy<17> (XLXI_14/XLXI_82/Madd_clk_1m_addsub0000_cy<17>)
     MUXCY:CI->O           1   0.059   0.000  XLXI_14/XLXI_82/Madd_clk_1m_addsub0000_cy<18> (XLXI_14/XLXI_82/Madd_clk_1m_addsub0000_cy<18>)
     MUXCY:CI->O           1   0.059   0.000  XLXI_14/XLXI_82/Madd_clk_1m_addsub0000_cy<19> (XLXI_14/XLXI_82/Madd_clk_1m_addsub0000_cy<19>)
     MUXCY:CI->O           1   0.059   0.000  XLXI_14/XLXI_82/Madd_clk_1m_addsub0000_cy<20> (XLXI_14/XLXI_82/Madd_clk_1m_addsub0000_cy<20>)
     MUXCY:CI->O           1   0.059   0.000  XLXI_14/XLXI_82/Madd_clk_1m_addsub0000_cy<21> (XLXI_14/XLXI_82/Madd_clk_1m_addsub0000_cy<21>)
     MUXCY:CI->O           1   0.059   0.000  XLXI_14/XLXI_82/Madd_clk_1m_addsub0000_cy<22> (XLXI_14/XLXI_82/Madd_clk_1m_addsub0000_cy<22>)
     MUXCY:CI->O           1   0.059   0.000  XLXI_14/XLXI_82/Madd_clk_1m_addsub0000_cy<23> (XLXI_14/XLXI_82/Madd_clk_1m_addsub0000_cy<23>)
     MUXCY:CI->O           1   0.059   0.000  XLXI_14/XLXI_82/Madd_clk_1m_addsub0000_cy<24> (XLXI_14/XLXI_82/Madd_clk_1m_addsub0000_cy<24>)
     MUXCY:CI->O           1   0.059   0.000  XLXI_14/XLXI_82/Madd_clk_1m_addsub0000_cy<25> (XLXI_14/XLXI_82/Madd_clk_1m_addsub0000_cy<25>)
     MUXCY:CI->O           1   0.059   0.000  XLXI_14/XLXI_82/Madd_clk_1m_addsub0000_cy<26> (XLXI_14/XLXI_82/Madd_clk_1m_addsub0000_cy<26>)
     MUXCY:CI->O           1   0.059   0.000  XLXI_14/XLXI_82/Madd_clk_1m_addsub0000_cy<27> (XLXI_14/XLXI_82/Madd_clk_1m_addsub0000_cy<27>)
     MUXCY:CI->O           1   0.059   0.000  XLXI_14/XLXI_82/Madd_clk_1m_addsub0000_cy<28> (XLXI_14/XLXI_82/Madd_clk_1m_addsub0000_cy<28>)
     XORCY:CI->O           1   0.804   0.595  XLXI_14/XLXI_82/Madd_clk_1m_addsub0000_xor<29> (XLXI_14/XLXI_82/clk_1m_addsub0000<29>)
     LUT2:I0->O            1   0.704   0.000  XLXI_14/XLXI_82/Mcompar_clk_1m_cmp_ge0000_lut<9> (XLXI_14/XLXI_82/Mcompar_clk_1m_cmp_ge0000_lut<9>)
     MUXCY:S->O            1   0.464   0.000  XLXI_14/XLXI_82/Mcompar_clk_1m_cmp_ge0000_cy<9> (XLXI_14/XLXI_82/Mcompar_clk_1m_cmp_ge0000_cy<9>)
     MUXCY:CI->O          33   0.331   1.263  XLXI_14/XLXI_82/Mcompar_clk_1m_cmp_ge0000_cy<10> (XLXI_14/XLXI_82/clk_1m_cmp_ge0000)
     FDR:R                     0.911          XLXI_14/XLXI_82/cnt1M_0
    ----------------------------------------
    Total                      9.046ns (6.566ns logic, 2.480ns route)
                                       (72.6% logic, 27.4% route)

=========================================================================
Timing constraint: Default OFFSET IN BEFORE for Clock 'XLXI_14/XLXI_82/clk_1k'
  Total number of paths / destination ports: 2980 / 10
-------------------------------------------------------------------------
Offset:              10.470ns (Levels of Logic = 8)
  Source:            MODE (PAD)
  Destination:       XLXI_14/XLXI_84/Dout1_1 (FF)
  Destination Clock: XLXI_14/XLXI_82/clk_1k rising

  Data Path: MODE to XLXI_14/XLXI_84/Dout1_1
                                Gate     Net
    Cell:in->out      fanout   Delay   Delay  Logical Name (Net Name)
    ----------------------------------------  ------------
     IBUF:I->O            44   1.218   1.266  MODE_IBUF (MODE_IBUF)
     begin scope: 'XLXI_5'
     AND2B1:I0->O          1   0.704   0.420  I_36_7 (M0)
     OR2:I1->O             6   0.704   0.844  I_36_8 (O)
     end scope: 'XLXI_5'
     LUT4:I0->O            4   0.704   0.762  XLXI_14/XLXI_84/Mrom_b4_mux000011 (XLXI_14/XLXI_84/Mrom_b4_mux0000)
     LUT4:I0->O            4   0.704   0.666  XLXI_14/XLXI_84/Mrom_b6_mux000021 (XLXI_14/XLXI_84/Mrom_b6_mux00002)
     LUT4:I1->O            4   0.704   0.762  XLXI_14/XLXI_84/Mrom_b8_mux000031 (XLXI_14/XLXI_84/Mrom_b8_mux00003)
     LUT4:I0->O            1   0.704   0.000  XLXI_14/XLXI_84/Mrom_b11_mux000021 (XLXI_14/XLXI_84/Mrom_b11_mux00002)
     FDCP:D                    0.308          XLXI_14/XLXI_84/Dout1_3
    ----------------------------------------
    Total                     10.470ns (5.750ns logic, 4.720ns route)
                                       (54.9% logic, 45.1% route)

=========================================================================
Timing constraint: Default OFFSET OUT AFTER for Clock 'XLXI_14/XLXI_82/clk_1k'
  Total number of paths / destination ports: 148 / 11
-------------------------------------------------------------------------
Offset:              8.721ns (Levels of Logic = 4)
  Source:            XLXI_14/XLXI_83/sel_0 (FF)
  Destination:       sseg<5> (PAD)
  Source Clock:      XLXI_14/XLXI_82/clk_1k rising

  Data Path: XLXI_14/XLXI_83/sel_0 to sseg<5>
                                Gate     Net
    Cell:in->out      fanout   Delay   Delay  Logical Name (Net Name)
    ----------------------------------------  ------------
     FD:C->Q              10   0.591   0.961  XLXI_14/XLXI_83/sel_0 (XLXI_14/XLXI_83/sel_0)
     LUT2:I1->O            2   0.704   0.482  XLXI_14/XLXI_86/hexO<3>_SW0 (N10)
     LUT4:I2->O            7   0.704   0.883  XLXI_14/XLXI_86/hexO<3> (XLXI_14/XLXN_185<3>)
     LUT4:I0->O            1   0.704   0.420  XLXI_14/XLXI_85/Mrom_hexD_rom000041 (sseg_2_OBUF)
     OBUF:I->O                 3.272          sseg_2_OBUF (sseg<2>)
    ----------------------------------------
    Total                      8.721ns (5.975ns logic, 2.746ns route)
                                       (68.5% logic, 31.5% route)

=========================================================================
Timing constraint: Default path analysis
  Total number of paths / destination ports: 15 / 5
-------------------------------------------------------------------------
Delay:               8.004ns (Levels of Logic = 5)
  Source:            MODE (PAD)
  Destination:       lightOutput<4> (PAD)

  Data Path: MODE to lightOutput<4>
                                Gate     Net
    Cell:in->out      fanout   Delay   Delay  Logical Name (Net Name)
    ----------------------------------------  ------------
     IBUF:I->O            44   1.218   1.266  MODE_IBUF (MODE_IBUF)
     begin scope: 'XLXI_9'
     AND2B1:I0->O          1   0.704   0.420  I_36_7 (M0)
     OR2:I1->O             1   0.704   0.420  I_36_8 (O)
     end scope: 'XLXI_9'
     OBUF:I->O                 3.272          lightOutput_0_OBUF (lightOutput<0>)
    ----------------------------------------
    Total                      8.004ns (5.898ns logic, 2.106ns route)
                                       (73.7% logic, 26.3% route)

=========================================================================


Total REAL time to Xst completion: 5.00 secs
Total CPU time to Xst completion: 5.65 secs
 
--> 

Total memory usage is 268968 kilobytes

Number of errors   :    0 (   0 filtered)
Number of warnings :   76 (   0 filtered)
Number of infos    :    7 (   0 filtered)

