Release 14.7 - xst P.20131013 (nt64)
Copyright (c) 1995-2013 Xilinx, Inc.  All rights reserved.
--> Parameter TMPDIR set to xst/projnav.tmp


Total REAL time to Xst completion: 1.00 secs
Total CPU time to Xst completion: 0.10 secs
 
--> Parameter xsthdpdir set to xst


Total REAL time to Xst completion: 1.00 secs
Total CPU time to Xst completion: 0.10 secs
 
--> Reading design: MM_Decode_MUX.prj

TABLE OF CONTENTS
  1) Synthesis Options Summary
  2) HDL Compilation
  3) Design Hierarchy Analysis
  4) HDL Analysis
  5) HDL Synthesis
     5.1) HDL Synthesis Report
  6) Advanced HDL Synthesis
     6.1) Advanced HDL Synthesis Report
  7) Low Level Synthesis
  8) Partition Report
  9) Final Report
	9.1) Device utilization summary
	9.2) Partition Resource Summary
	9.3) TIMING REPORT


=========================================================================
*                      Synthesis Options Summary                        *
=========================================================================
---- Source Parameters
Input File Name                    : "MM_Decode_MUX.prj"
Input Format                       : mixed
Ignore Synthesis Constraint File   : NO

---- Target Parameters
Output File Name                   : "MM_Decode_MUX"
Output Format                      : NGC
Target Device                      : xc3s100e-4-cp132

---- Source Options
Top Module Name                    : MM_Decode_MUX
Automatic FSM Extraction           : YES
FSM Encoding Algorithm             : Auto
Safe Implementation                : No
FSM Style                          : LUT
RAM Extraction                     : Yes
RAM Style                          : Auto
ROM Extraction                     : Yes
Mux Style                          : Auto
Decoder Extraction                 : YES
Priority Encoder Extraction        : Yes
Shift Register Extraction          : YES
Logical Shifter Extraction         : YES
XOR Collapsing                     : YES
ROM Style                          : Auto
Mux Extraction                     : Yes
Resource Sharing                   : YES
Asynchronous To Synchronous        : NO
Multiplier Style                   : Auto
Automatic Register Balancing       : No

---- Target Options
Add IO Buffers                     : YES
Global Maximum Fanout              : 500
Add Generic Clock Buffer(BUFG)     : 24
Register Duplication               : YES
Slice Packing                      : YES
Optimize Instantiated Primitives   : NO
Use Clock Enable                   : Yes
Use Synchronous Set                : Yes
Use Synchronous Reset              : Yes
Pack IO Registers into IOBs        : Auto
Equivalent register Removal        : YES

---- General Options
Optimization Goal                  : Speed
Optimization Effort                : 1
Keep Hierarchy                     : No
Netlist Hierarchy                  : As_Optimized
RTL Output                         : Yes
Global Optimization                : AllClockNets
Read Cores                         : YES
Write Timing Constraints           : NO
Cross Clock Analysis               : NO
Hierarchy Separator                : /
Bus Delimiter                      : <>
Case Specifier                     : Maintain
Slice Utilization Ratio            : 100
BRAM Utilization Ratio             : 100
Verilog 2001                       : YES
Auto BRAM Packing                  : NO
Slice Utilization Ratio Delta      : 5

=========================================================================


=========================================================================
*                          HDL Compilation                              *
=========================================================================
Compiling vhdl file "C:/Users/Vason/Documents/GitHub/Physics-But-actually-CS-final/Components/MM_Decode_MUX/MM_Decode_MUX/MM_Decode_MUX.vhf" in Library work.
Entity <M2_1_MXILINX_MM_Decode_MUX> compiled.
Entity <M2_1_MXILINX_MM_Decode_MUX> (Architecture <BEHAVIORAL>) compiled.
Entity <M2_1E_MXILINX_MM_Decode_MUX> compiled.
Entity <M2_1E_MXILINX_MM_Decode_MUX> (Architecture <BEHAVIORAL>) compiled.
Entity <M16_1E_MXILINX_MM_Decode_MUX> compiled.
Entity <M16_1E_MXILINX_MM_Decode_MUX> (Architecture <BEHAVIORAL>) compiled.
Entity <signalMux_32_MUSER_MM_Decode_MUX> compiled.
Entity <signalMux_32_MUSER_MM_Decode_MUX> (Architecture <BEHAVIORAL>) compiled.
Entity <MM_signal_MUX_MUSER_MM_Decode_MUX> compiled.
Entity <MM_signal_MUX_MUSER_MM_Decode_MUX> (Architecture <BEHAVIORAL>) compiled.
Entity <MM_Decode_MUX> compiled.
Entity <MM_Decode_MUX> (Architecture <BEHAVIORAL>) compiled.
Compiling vhdl file "C:/Users/Vason/Documents/GitHub/Physics-But-actually-CS-final/Components/MM_Decode_MUX/MM_Decode_MUX/MM_signal_MUX.vhf" in Library work.
Entity <M2_1_MXILINX_MM_signal_MUX> compiled.
Entity <M2_1_MXILINX_MM_signal_MUX> (Architecture <BEHAVIORAL>) compiled.
Entity <M2_1E_MXILINX_MM_signal_MUX> compiled.
Entity <M2_1E_MXILINX_MM_signal_MUX> (Architecture <BEHAVIORAL>) compiled.
Entity <M16_1E_MXILINX_MM_signal_MUX> compiled.
Entity <M16_1E_MXILINX_MM_signal_MUX> (Architecture <BEHAVIORAL>) compiled.
Entity <signalMux_32_MUSER_MM_signal_MUX> compiled.
Entity <signalMux_32_MUSER_MM_signal_MUX> (Architecture <BEHAVIORAL>) compiled.
Entity <MM_signal_MUX> compiled.
Entity <MM_signal_MUX> (Architecture <BEHAVIORAL>) compiled.
Compiling vhdl file "C:/Users/Vason/Documents/GitHub/Physics-But-actually-CS-final/Components/MM_Decode_MUX/MM_Decode_MUX/signalMux_32.vhf" in Library work.
Entity <M2_1_MXILINX_signalMux_32> compiled.
Entity <M2_1_MXILINX_signalMux_32> (Architecture <BEHAVIORAL>) compiled.
Entity <M2_1E_MXILINX_signalMux_32> compiled.
Entity <M2_1E_MXILINX_signalMux_32> (Architecture <BEHAVIORAL>) compiled.
Entity <M16_1E_MXILINX_signalMux_32> compiled.
Entity <M16_1E_MXILINX_signalMux_32> (Architecture <BEHAVIORAL>) compiled.
Entity <signalMux_32> compiled.
Entity <signalMux_32> (Architecture <BEHAVIORAL>) compiled.

=========================================================================
*                     Design Hierarchy Analysis                         *
=========================================================================
Analyzing hierarchy for entity <MM_Decode_MUX> in library <work> (architecture <BEHAVIORAL>).

Analyzing hierarchy for entity <MM_signal_MUX_MUSER_MM_Decode_MUX> in library <work> (architecture <BEHAVIORAL>).

Analyzing hierarchy for entity <signalMux_32_MUSER_MM_Decode_MUX> in library <work> (architecture <BEHAVIORAL>).

Analyzing hierarchy for entity <M16_1E_MXILINX_MM_Decode_MUX> in library <work> (architecture <BEHAVIORAL>).

Analyzing hierarchy for entity <M2_1_MXILINX_MM_Decode_MUX> in library <work> (architecture <BEHAVIORAL>).

Analyzing hierarchy for entity <M2_1E_MXILINX_MM_Decode_MUX> in library <work> (architecture <BEHAVIORAL>).


=========================================================================
*                            HDL Analysis                               *
=========================================================================
Analyzing Entity <MM_Decode_MUX> in library <work> (Architecture <BEHAVIORAL>).
Entity <MM_Decode_MUX> analyzed. Unit <MM_Decode_MUX> generated.

Analyzing Entity <MM_signal_MUX_MUSER_MM_Decode_MUX> in library <work> (Architecture <BEHAVIORAL>).
Entity <MM_signal_MUX_MUSER_MM_Decode_MUX> analyzed. Unit <MM_signal_MUX_MUSER_MM_Decode_MUX> generated.

Analyzing Entity <signalMux_32_MUSER_MM_Decode_MUX> in library <work> (Architecture <BEHAVIORAL>).
    Set user-defined property "HU_SET =  XLXI_2_11" for instance <XLXI_2> in unit <signalMux_32_MUSER_MM_Decode_MUX>.
    Set user-defined property "HU_SET =  XLXI_9_10" for instance <XLXI_9> in unit <signalMux_32_MUSER_MM_Decode_MUX>.
    Set user-defined property "HU_SET =  XLXI_16_9" for instance <XLXI_16> in unit <signalMux_32_MUSER_MM_Decode_MUX>.
Entity <signalMux_32_MUSER_MM_Decode_MUX> analyzed. Unit <signalMux_32_MUSER_MM_Decode_MUX> generated.

Analyzing Entity <M16_1E_MXILINX_MM_Decode_MUX> in library <work> (Architecture <BEHAVIORAL>).
    Set user-defined property "HU_SET =  I_MAB_3" for instance <I_MAB> in unit <M16_1E_MXILINX_MM_Decode_MUX>.
    Set user-defined property "HU_SET =  I_MCD_2" for instance <I_MCD> in unit <M16_1E_MXILINX_MM_Decode_MUX>.
    Set user-defined property "HU_SET =  I_MEF_1" for instance <I_MEF> in unit <M16_1E_MXILINX_MM_Decode_MUX>.
    Set user-defined property "HU_SET =  I_M01_8" for instance <I_M01> in unit <M16_1E_MXILINX_MM_Decode_MUX>.
    Set user-defined property "HU_SET =  I_M23_7" for instance <I_M23> in unit <M16_1E_MXILINX_MM_Decode_MUX>.
    Set user-defined property "HU_SET =  I_M45_6" for instance <I_M45> in unit <M16_1E_MXILINX_MM_Decode_MUX>.
    Set user-defined property "HU_SET =  I_M67_5" for instance <I_M67> in unit <M16_1E_MXILINX_MM_Decode_MUX>.
    Set user-defined property "HU_SET =  I_M89_4" for instance <I_M89> in unit <M16_1E_MXILINX_MM_Decode_MUX>.
    Set user-defined property "HU_SET =  I_O_0" for instance <I_O> in unit <M16_1E_MXILINX_MM_Decode_MUX>.
Entity <M16_1E_MXILINX_MM_Decode_MUX> analyzed. Unit <M16_1E_MXILINX_MM_Decode_MUX> generated.

Analyzing Entity <M2_1E_MXILINX_MM_Decode_MUX> in library <work> (Architecture <BEHAVIORAL>).
Entity <M2_1E_MXILINX_MM_Decode_MUX> analyzed. Unit <M2_1E_MXILINX_MM_Decode_MUX> generated.

Analyzing Entity <M2_1_MXILINX_MM_Decode_MUX> in library <work> (Architecture <BEHAVIORAL>).
Entity <M2_1_MXILINX_MM_Decode_MUX> analyzed. Unit <M2_1_MXILINX_MM_Decode_MUX> generated.


=========================================================================
*                           HDL Synthesis                               *
=========================================================================

Performing bidirectional port resolution...

Synthesizing Unit <M2_1_MXILINX_MM_Decode_MUX>.
    Related source file is "C:/Users/Vason/Documents/GitHub/Physics-But-actually-CS-final/Components/MM_Decode_MUX/MM_Decode_MUX/MM_Decode_MUX.vhf".
Unit <M2_1_MXILINX_MM_Decode_MUX> synthesized.


Synthesizing Unit <M2_1E_MXILINX_MM_Decode_MUX>.
    Related source file is "C:/Users/Vason/Documents/GitHub/Physics-But-actually-CS-final/Components/MM_Decode_MUX/MM_Decode_MUX/MM_Decode_MUX.vhf".
Unit <M2_1E_MXILINX_MM_Decode_MUX> synthesized.


Synthesizing Unit <M16_1E_MXILINX_MM_Decode_MUX>.
    Related source file is "C:/Users/Vason/Documents/GitHub/Physics-But-actually-CS-final/Components/MM_Decode_MUX/MM_Decode_MUX/MM_Decode_MUX.vhf".
Unit <M16_1E_MXILINX_MM_Decode_MUX> synthesized.


Synthesizing Unit <signalMux_32_MUSER_MM_Decode_MUX>.
    Related source file is "C:/Users/Vason/Documents/GitHub/Physics-But-actually-CS-final/Components/MM_Decode_MUX/MM_Decode_MUX/MM_Decode_MUX.vhf".
Unit <signalMux_32_MUSER_MM_Decode_MUX> synthesized.


Synthesizing Unit <MM_signal_MUX_MUSER_MM_Decode_MUX>.
    Related source file is "C:/Users/Vason/Documents/GitHub/Physics-But-actually-CS-final/Components/MM_Decode_MUX/MM_Decode_MUX/MM_Decode_MUX.vhf".
WARNING:Xst:653 - Signal <XLXN_84> is used but never assigned. This sourceless signal will be automatically connected to value 0.
WARNING:Xst:653 - Signal <XLXN_51> is used but never assigned. This sourceless signal will be automatically connected to value 0.
WARNING:Xst:653 - Signal <XLXN_249> is used but never assigned. This sourceless signal will be automatically connected to value 0.
WARNING:Xst:653 - Signal <XLXN_216> is used but never assigned. This sourceless signal will be automatically connected to value 0.
WARNING:Xst:653 - Signal <XLXN_183> is used but never assigned. This sourceless signal will be automatically connected to value 0.
WARNING:Xst:653 - Signal <XLXN_150> is used but never assigned. This sourceless signal will be automatically connected to value 0.
WARNING:Xst:653 - Signal <XLXN_117> is used but never assigned. This sourceless signal will be automatically connected to value 0.
WARNING:Xst:653 - Signal <E> is used but never assigned. This sourceless signal will be automatically connected to value 0.
Unit <MM_signal_MUX_MUSER_MM_Decode_MUX> synthesized.


Synthesizing Unit <MM_Decode_MUX>.
    Related source file is "C:/Users/Vason/Documents/GitHub/Physics-But-actually-CS-final/Components/MM_Decode_MUX/MM_Decode_MUX/MM_Decode_MUX.vhf".
Unit <MM_Decode_MUX> synthesized.


=========================================================================
HDL Synthesis Report

Found no macro
=========================================================================

=========================================================================
*                       Advanced HDL Synthesis                          *
=========================================================================


=========================================================================
Advanced HDL Synthesis Report

Found no macro
=========================================================================

=========================================================================
*                         Low Level Synthesis                           *
=========================================================================

Optimizing unit <MM_Decode_MUX> ...

Optimizing unit <M2_1_MXILINX_MM_Decode_MUX> ...

Optimizing unit <M2_1E_MXILINX_MM_Decode_MUX> ...

Optimizing unit <M16_1E_MXILINX_MM_Decode_MUX> ...

Optimizing unit <MM_signal_MUX_MUSER_MM_Decode_MUX> ...

Mapping all equations...
Building and optimizing final netlist ...
Found area constraint ratio of 100 (+ 5) on block MM_Decode_MUX, actual ratio is 13.

Final Macro Processing ...

=========================================================================
Final Register Report

Found no macro
=========================================================================

=========================================================================
*                           Partition Report                            *
=========================================================================

Partition Implementation Status
-------------------------------

  No Partitions were found in this design.

-------------------------------

=========================================================================
*                            Final Report                               *
=========================================================================
Final Results
RTL Top Level Output File Name     : MM_Decode_MUX.ngr
Top Level Output File Name         : MM_Decode_MUX
Output Format                      : NGC
Optimization Goal                  : Speed
Keep Hierarchy                     : No

Design Statistics
# IOs                              : 533

Cell Usage :
# BELS                             : 1106
#      AND2                        : 272
#      AND2B1                      : 272
#      AND3                        : 32
#      AND3B1                      : 32
#      BUF                         : 1
#      GND                         : 1
#      MUXF5_L                     : 128
#      MUXF6                       : 64
#      OR2                         : 304
# IO Buffers                       : 533
#      IBUF                        : 517
#      OBUF                        : 16
=========================================================================

Device utilization summary:
---------------------------

Selected Device : 3s100ecp132-4 

 Number of Slices:                        0  out of    960     0%  
 Number of IOs:                         533
 Number of bonded IOBs:                 533  out of     83   642% (*) 

WARNING:Xst:1336 -  (*) More than 100% of Device resources are used

---------------------------
Partition Resource Summary:
---------------------------

  No Partitions were found in this design.

---------------------------


=========================================================================
TIMING REPORT

NOTE: THESE TIMING NUMBERS ARE ONLY A SYNTHESIS ESTIMATE.
      FOR ACCURATE TIMING INFORMATION PLEASE REFER TO THE TRACE REPORT
      GENERATED AFTER PLACE-and-ROUTE.

Clock Information:
------------------
No clock signals found in this design

Asynchronous Control Signals Information:
----------------------------------------
No asynchronous control signals found in this design

Timing Summary:
---------------
Speed Grade: -4

   Minimum period: No path found
   Minimum input arrival time before clock: No path found
   Maximum output required time after clock: No path found
   Maximum combinational path delay: 15.446ns

Timing Detail:
--------------
All values displayed in nanoseconds (ns)

=========================================================================
Timing constraint: Default path analysis
  Total number of paths / destination ports: 1312 / 16
-------------------------------------------------------------------------
Delay:               15.446ns (Levels of Logic = 15)
  Source:            PC<0> (PAD)
  Destination:       IM_out<7> (PAD)

  Data Path: PC<0> to IM_out<7>
                                Gate     Net
    Cell:in->out      fanout   Delay   Delay  Logical Name (Net Name)
    ----------------------------------------  ------------
     IBUF:I->O           257   1.218   1.333  PC_0_IBUF (PC_0_IBUF)
     BUF:I->O            256   0.704   1.333  PC_0_IBUF_1 (PC_0_IBUF_1)
     begin scope: 'XLXI_29/XLXI_19/XLXI_9'
     begin scope: 'I_M89'
     AND2B1:I0->O          1   0.704   0.420  I_36_7 (M0)
     OR2:I1->O             1   0.704   0.000  I_36_8 (O)
     end scope: 'I_M89'
     MUXF5_L:I0->LO        1   0.321   0.000  I_M8B (M8B)
     MUXF6:I0->O           1   0.521   0.420  I_M8F (MBF)
     begin scope: 'I_O'
     AND3:I0->O            1   0.704   0.420  I_36_30 (M1)
     OR2:I0->O             1   0.704   0.420  I_36_38 (O)
     end scope: 'I_O'
     end scope: 'XLXI_29/XLXI_19/XLXI_9'
     begin scope: 'XLXI_29/XLXI_19/XLXI_16'
     AND2B1:I1->O          1   0.704   0.420  I_36_7 (M0)
     OR2:I1->O             1   0.704   0.420  I_36_8 (O)
     end scope: 'XLXI_29/XLXI_19/XLXI_16'
     OBUF:I->O                 3.272          IM_out_7_OBUF (IM_out<7>)
    ----------------------------------------
    Total                     15.446ns (10.260ns logic, 5.186ns route)
                                       (66.4% logic, 33.6% route)

=========================================================================


Total REAL time to Xst completion: 6.00 secs
Total CPU time to Xst completion: 5.33 secs
 
--> 

Total memory usage is 269064 kilobytes

Number of errors   :    0 (   0 filtered)
Number of warnings :    9 (   0 filtered)
Number of infos    :    0 (   0 filtered)

