Release 14.7 - xst P.20131013 (nt64)
Copyright (c) 1995-2013 Xilinx, Inc.  All rights reserved.
--> Parameter TMPDIR set to xst/projnav.tmp


Total REAL time to Xst completion: 0.00 secs
Total CPU time to Xst completion: 0.06 secs
 
--> Parameter xsthdpdir set to xst


Total REAL time to Xst completion: 0.00 secs
Total CPU time to Xst completion: 0.06 secs
 
--> Reading design: Decoder.prj

TABLE OF CONTENTS
  1) Synthesis Options Summary
  2) HDL Compilation
  3) Design Hierarchy Analysis
  4) HDL Analysis
  5) HDL Synthesis
     5.1) HDL Synthesis Report
  6) Advanced HDL Synthesis
     6.1) Advanced HDL Synthesis Report
  7) Low Level Synthesis
  8) Partition Report
  9) Final Report
	9.1) Device utilization summary
	9.2) Partition Resource Summary
	9.3) TIMING REPORT


=========================================================================
*                      Synthesis Options Summary                        *
=========================================================================
---- Source Parameters
Input File Name                    : "Decoder.prj"
Input Format                       : mixed
Ignore Synthesis Constraint File   : NO

---- Target Parameters
Output File Name                   : "Decoder"
Output Format                      : NGC
Target Device                      : xc3s100e-4-cp132

---- Source Options
Top Module Name                    : Decoder
Automatic FSM Extraction           : YES
FSM Encoding Algorithm             : Auto
Safe Implementation                : No
FSM Style                          : LUT
RAM Extraction                     : Yes
RAM Style                          : Auto
ROM Extraction                     : Yes
Mux Style                          : Auto
Decoder Extraction                 : YES
Priority Encoder Extraction        : Yes
Shift Register Extraction          : YES
Logical Shifter Extraction         : YES
XOR Collapsing                     : YES
ROM Style                          : Auto
Mux Extraction                     : Yes
Resource Sharing                   : YES
Asynchronous To Synchronous        : NO
Multiplier Style                   : Auto
Automatic Register Balancing       : No

---- Target Options
Add IO Buffers                     : YES
Global Maximum Fanout              : 500
Add Generic Clock Buffer(BUFG)     : 24
Register Duplication               : YES
Slice Packing                      : YES
Optimize Instantiated Primitives   : NO
Use Clock Enable                   : Yes
Use Synchronous Set                : Yes
Use Synchronous Reset              : Yes
Pack IO Registers into IOBs        : Auto
Equivalent register Removal        : YES

---- General Options
Optimization Goal                  : Speed
Optimization Effort                : 1
Keep Hierarchy                     : No
Netlist Hierarchy                  : As_Optimized
RTL Output                         : Yes
Global Optimization                : AllClockNets
Read Cores                         : YES
Write Timing Constraints           : NO
Cross Clock Analysis               : NO
Hierarchy Separator                : /
Bus Delimiter                      : <>
Case Specifier                     : Maintain
Slice Utilization Ratio            : 100
BRAM Utilization Ratio             : 100
Verilog 2001                       : YES
Auto BRAM Packing                  : NO
Slice Utilization Ratio Delta      : 5

=========================================================================


=========================================================================
*                          HDL Compilation                              *
=========================================================================
Compiling vhdl file "C:/Users/Big D/Downloads/CRenc4bin.vhd" in Library work.
Architecture behavioral of Entity crenc4bin is up to date.
Compiling vhdl file "C:/Users/Big D/Documents/GitHub/Physics-But-actually-CS-final/downloads/DCM_50M.vhd" in Library work.
Entity <dcm_50m> compiled.
Entity <dcm_50m> (Architecture <behavioral>) compiled.
Compiling vhdl file "C:/Users/Big D/Documents/GitHub/Physics-But-actually-CS-final/downloads/mux4SSD.vhd" in Library work.
Entity <mux4ssd> compiled.
Entity <mux4ssd> (Architecture <behavioral>) compiled.
Compiling vhdl file "C:/Users/Big D/Documents/GitHub/Physics-But-actually-CS-final/downloads/bin2BCD3en.vhd" in Library work.
Entity <bin2bcd3en> compiled.
Entity <bin2bcd3en> (Architecture <behavioral>) compiled.
Compiling vhdl file "C:/Users/Big D/Downloads/sel_strobeB.vhd" in Library work.
Architecture behavioral of Entity sel_strobeb is up to date.
Compiling vhdl file "C:/Users/Big D/Documents/GitHub/Physics-But-actually-CS-final/Components/Decoder/Decoder.vhf" in Library work.
Entity <decoder> compiled.
Entity <decoder> (Architecture <behavioral>) compiled.

=========================================================================
*                     Design Hierarchy Analysis                         *
=========================================================================
Analyzing hierarchy for entity <Decoder> in library <work> (architecture <behavioral>).

Analyzing hierarchy for entity <CRenc4bin> in library <work> (architecture <behavioral>).

Analyzing hierarchy for entity <DCM_50M> in library <work> (architecture <behavioral>) with generics.
	DIV100 = 50
	DIV1k = 500
	DIV50 = 25

Analyzing hierarchy for entity <mux4SSD> in library <work> (architecture <behavioral>).

Analyzing hierarchy for entity <bin2BCD3en> in library <work> (architecture <behavioral>).

Analyzing hierarchy for entity <sel_strobeB> in library <work> (architecture <behavioral>).


=========================================================================
*                            HDL Analysis                               *
=========================================================================
Analyzing Entity <Decoder> in library <work> (Architecture <behavioral>).
WARNING:Xst:753 - "C:/Users/Big D/Documents/GitHub/Physics-But-actually-CS-final/Components/Decoder/Decoder.vhf" line 117: Unconnected output port 'CLK1M' of component 'DCM_50M'.
WARNING:Xst:753 - "C:/Users/Big D/Documents/GitHub/Physics-But-actually-CS-final/Components/Decoder/Decoder.vhf" line 117: Unconnected output port 'CLK1' of component 'DCM_50M'.
WARNING:Xst:753 - "C:/Users/Big D/Documents/GitHub/Physics-But-actually-CS-final/Components/Decoder/Decoder.vhf" line 125: Unconnected output port 'dpO' of component 'mux4SSD'.
WARNING:Xst:753 - "C:/Users/Big D/Documents/GitHub/Physics-But-actually-CS-final/Components/Decoder/Decoder.vhf" line 125: Unconnected output port 'anO' of component 'mux4SSD'.
WARNING:Xst:753 - "C:/Users/Big D/Documents/GitHub/Physics-But-actually-CS-final/Components/Decoder/Decoder.vhf" line 137: Unconnected output port 'RBout' of component 'bin2BCD3en'.
Entity <Decoder> analyzed. Unit <Decoder> generated.

Analyzing Entity <CRenc4bin> in library <work> (Architecture <behavioral>).
Entity <CRenc4bin> analyzed. Unit <CRenc4bin> generated.

Analyzing generic Entity <DCM_50M> in library <work> (Architecture <behavioral>).
	DIV100 = 50
	DIV1k = 500
	DIV50 = 25
Entity <DCM_50M> analyzed. Unit <DCM_50M> generated.

Analyzing Entity <mux4SSD> in library <work> (Architecture <behavioral>).
Entity <mux4SSD> analyzed. Unit <mux4SSD> generated.

Analyzing Entity <bin2BCD3en> in library <work> (Architecture <behavioral>).
INFO:Xst:1561 - "C:/Users/Big D/Documents/GitHub/Physics-But-actually-CS-final/downloads/bin2BCD3en.vhd" line 62: Mux is complete : default of case is discarded
INFO:Xst:1561 - "C:/Users/Big D/Documents/GitHub/Physics-But-actually-CS-final/downloads/bin2BCD3en.vhd" line 62: Mux is complete : default of case is discarded
INFO:Xst:2679 - Register <Dout3> in unit <bin2BCD3en> has a constant value of 0000 during circuit operation. The register is replaced by logic.
Entity <bin2BCD3en> analyzed. Unit <bin2BCD3en> generated.

Analyzing Entity <sel_strobeB> in library <work> (Architecture <behavioral>).
Entity <sel_strobeB> analyzed. Unit <sel_strobeB> generated.


=========================================================================
*                           HDL Synthesis                               *
=========================================================================

Performing bidirectional port resolution...

Synthesizing Unit <CRenc4bin>.
    Related source file is "C:/Users/Big D/Downloads/CRenc4bin.vhd".
    Found 4-bit register for signal <colO>.
    Found 1-bit register for signal <keyO>.
    Found 4-bit register for signal <binO>.
    Found 4-bit register for signal <colI>.
    Summary:
	inferred  13 D-type flip-flop(s).
Unit <CRenc4bin> synthesized.


Synthesizing Unit <DCM_50M>.
    Related source file is "C:/Users/Big D/Documents/GitHub/Physics-But-actually-CS-final/downloads/DCM_50M.vhd".
    Found 1-bit register for signal <clk_1>.
    Found 32-bit adder for signal <clk_1$addsub0000> created at line 121.
    Found 32-bit comparator greater for signal <clk_1$cmp_gt0000> created at line 122.
    Found 1-bit register for signal <clk_10k>.
    Found 1-bit register for signal <clk_1k>.
    Found 32-bit adder for signal <clk_1k$addsub0000> created at line 101.
    Found 32-bit comparator greater for signal <clk_1k$cmp_gt0000> created at line 102.
    Found 1-bit register for signal <clk_1m>.
    Found 32-bit adder for signal <clk_1m$addsub0000> created at line 61.
    Found 32-bit comparator greatequal for signal <clk_1m$cmp_ge0000> created at line 62.
    Found 32-bit up counter for signal <cnt1>.
    Found 32-bit up counter for signal <cnt10k>.
    Found 32-bit adder for signal <cnt10k$addsub0000> created at line 81.
    Found 32-bit comparator greater for signal <cnt10k$cmp_gt0000> created at line 82.
    Found 32-bit up counter for signal <cnt1k>.
    Found 32-bit up counter for signal <cnt1M>.
    Summary:
	inferred   4 Counter(s).
	inferred   4 D-type flip-flop(s).
	inferred   4 Adder/Subtractor(s).
	inferred   4 Comparator(s).
Unit <DCM_50M> synthesized.


Synthesizing Unit <mux4SSD>.
    Related source file is "C:/Users/Big D/Documents/GitHub/Physics-But-actually-CS-final/downloads/mux4SSD.vhd".
Unit <mux4SSD> synthesized.


Synthesizing Unit <bin2BCD3en>.
    Related source file is "C:/Users/Big D/Documents/GitHub/Physics-But-actually-CS-final/downloads/bin2BCD3en.vhd".
    Found 16x4-bit ROM for signal <b9$mux0000> created at line 50.
    Found 16x4-bit ROM for signal <b8$mux0000> created at line 50.
    Found 16x4-bit ROM for signal <b7$mux0000> created at line 50.
    Found 16x4-bit ROM for signal <b6$mux0000> created at line 50.
    Found 16x4-bit ROM for signal <b4$mux0000> created at line 50.
    Found 8x4-bit ROM for signal <b$mux0000> created at line 50.
    Found 16x4-bit ROM for signal <b11$mux0000> created at line 50.
    Found 16x4-bit ROM for signal <b10$mux0000> created at line 50.
    Found 4-bit register for signal <RBout>.
    Found 4-bit register for signal <Dout0>.
    Found 4-bit register for signal <Dout1>.
    Found 4-bit register for signal <Dout2>.
    Summary:
	inferred   8 ROM(s).
	inferred  12 D-type flip-flop(s).
Unit <bin2BCD3en> synthesized.


Synthesizing Unit <sel_strobeB>.
    Related source file is "C:/Users/Big D/Downloads/sel_strobeB.vhd".
    Found 4x2-bit ROM for signal <sel$mux0001> created at line 44.
    Found 2-bit register for signal <sel>.
    Found 2-bit register for signal <selx>.
    Summary:
	inferred   1 ROM(s).
	inferred   4 D-type flip-flop(s).
Unit <sel_strobeB> synthesized.


Synthesizing Unit <Decoder>.
    Related source file is "C:/Users/Big D/Documents/GitHub/Physics-But-actually-CS-final/Components/Decoder/Decoder.vhf".
WARNING:Xst:653 - Signal <binO<7:4>> is used but never assigned. This sourceless signal will be automatically connected to value 0000.
WARNING:Xst:653 - Signal <XLXI_4_dp_in_openSignal> is used but never assigned. This sourceless signal will be automatically connected to value 0000.
Unit <Decoder> synthesized.


=========================================================================
HDL Synthesis Report

Macro Statistics
# ROMs                                                 : 9
 16x4-bit ROM                                          : 7
 4x2-bit ROM                                           : 1
 8x4-bit ROM                                           : 1
# Adders/Subtractors                                   : 4
 32-bit adder                                          : 4
# Counters                                             : 4
 32-bit up counter                                     : 4
# Registers                                            : 20
 1-bit register                                        : 13
 2-bit register                                        : 2
 4-bit register                                        : 5
# Comparators                                          : 4
 32-bit comparator greatequal                          : 1
 32-bit comparator greater                             : 3

=========================================================================

=========================================================================
*                       Advanced HDL Synthesis                          *
=========================================================================

INFO:Xst:2261 - The FF/Latch <Dout2_2> in Unit <XLXI_5> is equivalent to the following FF/Latch, which will be removed : <Dout2_3> 
WARNING:Xst:1710 - FF/Latch <Dout2_2> (without init value) has a constant value of 0 in block <XLXI_5>. This FF/Latch will be trimmed during the optimization process.
WARNING:Xst:2404 -  FFs/Latches <Dout2<3:2>> (without init value) have a constant value of 0 in block <bin2BCD3en>.

Synthesizing (advanced) Unit <sel_strobeB>.
INFO:Xst:3034 - In order to maximize performance and save block RAM resources, the small ROM <Mrom_sel_mux0001> will be implemented on LUT. If you want to force its implementation on block, use option/constraint rom_style.
Unit <sel_strobeB> synthesized (advanced).

=========================================================================
Advanced HDL Synthesis Report

Macro Statistics
# ROMs                                                 : 9
 16x4-bit ROM                                          : 7
 4x2-bit ROM                                           : 1
 8x4-bit ROM                                           : 1
# Adders/Subtractors                                   : 4
 32-bit adder                                          : 4
# Counters                                             : 4
 32-bit up counter                                     : 4
# Registers                                            : 35
 Flip-Flops                                            : 35
# Comparators                                          : 4
 32-bit comparator greatequal                          : 1
 32-bit comparator greater                             : 3

=========================================================================

=========================================================================
*                         Low Level Synthesis                           *
=========================================================================
INFO:Xst:2261 - The FF/Latch <RBout_1> in Unit <bin2BCD3en> is equivalent to the following FF/Latch, which will be removed : <RBout_0> 
WARNING:Xst:1710 - FF/Latch <RBout_3> (without init value) has a constant value of 1 in block <bin2BCD3en>. This FF/Latch will be trimmed during the optimization process.
WARNING:Xst:1895 - Due to other FF/Latch trimming, FF/Latch <RBout_1> (without init value) has a constant value of 0 in block <bin2BCD3en>. This FF/Latch will be trimmed during the optimization process.
WARNING:Xst:1710 - FF/Latch <Dout1_3> (without init value) has a constant value of 0 in block <bin2BCD3en>. This FF/Latch will be trimmed during the optimization process.
WARNING:Xst:1895 - Due to other FF/Latch trimming, FF/Latch <Dout1_2> (without init value) has a constant value of 0 in block <bin2BCD3en>. This FF/Latch will be trimmed during the optimization process.
WARNING:Xst:1895 - Due to other FF/Latch trimming, FF/Latch <Dout1_1> (without init value) has a constant value of 0 in block <bin2BCD3en>. This FF/Latch will be trimmed during the optimization process.
WARNING:Xst:1895 - Due to other FF/Latch trimming, FF/Latch <Dout2_0> (without init value) has a constant value of 0 in block <bin2BCD3en>. This FF/Latch will be trimmed during the optimization process.
WARNING:Xst:1895 - Due to other FF/Latch trimming, FF/Latch <Dout2_1> (without init value) has a constant value of 0 in block <bin2BCD3en>. This FF/Latch will be trimmed during the optimization process.

Optimizing unit <Decoder> ...

Optimizing unit <CRenc4bin> ...

Optimizing unit <DCM_50M> ...

Optimizing unit <bin2BCD3en> ...
WARNING:Xst:2677 - Node <XLXI_2/cnt1_31> of sequential type is unconnected in block <Decoder>.
WARNING:Xst:2677 - Node <XLXI_2/cnt1_30> of sequential type is unconnected in block <Decoder>.
WARNING:Xst:2677 - Node <XLXI_2/cnt1_29> of sequential type is unconnected in block <Decoder>.
WARNING:Xst:2677 - Node <XLXI_2/cnt1_28> of sequential type is unconnected in block <Decoder>.
WARNING:Xst:2677 - Node <XLXI_2/cnt1_27> of sequential type is unconnected in block <Decoder>.
WARNING:Xst:2677 - Node <XLXI_2/cnt1_26> of sequential type is unconnected in block <Decoder>.
WARNING:Xst:2677 - Node <XLXI_2/cnt1_25> of sequential type is unconnected in block <Decoder>.
WARNING:Xst:2677 - Node <XLXI_2/cnt1_24> of sequential type is unconnected in block <Decoder>.
WARNING:Xst:2677 - Node <XLXI_2/cnt1_23> of sequential type is unconnected in block <Decoder>.
WARNING:Xst:2677 - Node <XLXI_2/cnt1_22> of sequential type is unconnected in block <Decoder>.
WARNING:Xst:2677 - Node <XLXI_2/cnt1_21> of sequential type is unconnected in block <Decoder>.
WARNING:Xst:2677 - Node <XLXI_2/cnt1_20> of sequential type is unconnected in block <Decoder>.
WARNING:Xst:2677 - Node <XLXI_2/cnt1_19> of sequential type is unconnected in block <Decoder>.
WARNING:Xst:2677 - Node <XLXI_2/cnt1_18> of sequential type is unconnected in block <Decoder>.
WARNING:Xst:2677 - Node <XLXI_2/cnt1_17> of sequential type is unconnected in block <Decoder>.
WARNING:Xst:2677 - Node <XLXI_2/cnt1_16> of sequential type is unconnected in block <Decoder>.
WARNING:Xst:2677 - Node <XLXI_2/cnt1_15> of sequential type is unconnected in block <Decoder>.
WARNING:Xst:2677 - Node <XLXI_2/cnt1_14> of sequential type is unconnected in block <Decoder>.
WARNING:Xst:2677 - Node <XLXI_2/cnt1_13> of sequential type is unconnected in block <Decoder>.
WARNING:Xst:2677 - Node <XLXI_2/cnt1_12> of sequential type is unconnected in block <Decoder>.
WARNING:Xst:2677 - Node <XLXI_2/cnt1_11> of sequential type is unconnected in block <Decoder>.
WARNING:Xst:2677 - Node <XLXI_2/cnt1_10> of sequential type is unconnected in block <Decoder>.
WARNING:Xst:2677 - Node <XLXI_2/cnt1_9> of sequential type is unconnected in block <Decoder>.
WARNING:Xst:2677 - Node <XLXI_2/cnt1_8> of sequential type is unconnected in block <Decoder>.
WARNING:Xst:2677 - Node <XLXI_2/cnt1_7> of sequential type is unconnected in block <Decoder>.
WARNING:Xst:2677 - Node <XLXI_2/cnt1_6> of sequential type is unconnected in block <Decoder>.
WARNING:Xst:2677 - Node <XLXI_2/cnt1_5> of sequential type is unconnected in block <Decoder>.
WARNING:Xst:2677 - Node <XLXI_2/cnt1_4> of sequential type is unconnected in block <Decoder>.
WARNING:Xst:2677 - Node <XLXI_2/cnt1_3> of sequential type is unconnected in block <Decoder>.
WARNING:Xst:2677 - Node <XLXI_2/cnt1_2> of sequential type is unconnected in block <Decoder>.
WARNING:Xst:2677 - Node <XLXI_2/cnt1_1> of sequential type is unconnected in block <Decoder>.
WARNING:Xst:2677 - Node <XLXI_2/cnt1_0> of sequential type is unconnected in block <Decoder>.
WARNING:Xst:2677 - Node <XLXI_2/clk_1> of sequential type is unconnected in block <Decoder>.
WARNING:Xst:2677 - Node <XLXI_5/RBout_2> of sequential type is unconnected in block <Decoder>.

Mapping all equations...
Building and optimizing final netlist ...
Found area constraint ratio of 100 (+ 5) on block Decoder, actual ratio is 18.

Final Macro Processing ...

=========================================================================
Final Register Report

Macro Statistics
# Registers                                            : 121
 Flip-Flops                                            : 121

=========================================================================

=========================================================================
*                           Partition Report                            *
=========================================================================

Partition Implementation Status
-------------------------------

  No Partitions were found in this design.

-------------------------------

=========================================================================
*                            Final Report                               *
=========================================================================
Final Results
RTL Top Level Output File Name     : Decoder.ngr
Top Level Output File Name         : Decoder
Output Format                      : NGC
Optimization Goal                  : Speed
Keep Hierarchy                     : No

Design Statistics
# IOs                              : 15

Cell Usage :
# BELS                             : 698
#      GND                         : 1
#      INV                         : 19
#      LUT1                        : 190
#      LUT2                        : 17
#      LUT3                        : 15
#      LUT4                        : 39
#      MUXCY                       : 221
#      MUXF5                       : 3
#      VCC                         : 1
#      XORCY                       : 192
# FlipFlops/Latches                : 121
#      FD                          : 7
#      FDCP                        : 5
#      FDE                         : 3
#      FDR                         : 101
#      FDRS                        : 1
#      FDS                         : 4
# Clock Buffers                    : 2
#      BUFG                        : 1
#      BUFGP                       : 1
# IO Buffers                       : 14
#      IBUF                        : 5
#      OBUF                        : 9
# Others                           : 4
#      PULLDOWN                    : 4
=========================================================================

Device utilization summary:
---------------------------

Selected Device : 3s100ecp132-4 

 Number of Slices:                      171  out of    960    17%  
 Number of Slice Flip Flops:            121  out of   1920     6%  
 Number of 4 input LUTs:                280  out of   1920    14%  
 Number of IOs:                          15
 Number of bonded IOBs:                  15  out of     83    18%  
 Number of GCLKs:                         2  out of     24     8%  

---------------------------
Partition Resource Summary:
---------------------------

  No Partitions were found in this design.

---------------------------


=========================================================================
TIMING REPORT

NOTE: THESE TIMING NUMBERS ARE ONLY A SYNTHESIS ESTIMATE.
      FOR ACCURATE TIMING INFORMATION PLEASE REFER TO THE TRACE REPORT
      GENERATED AFTER PLACE-and-ROUTE.

Clock Information:
------------------
-----------------------------------+------------------------+-------+
Clock Signal                       | Clock buffer(FF name)  | Load  |
-----------------------------------+------------------------+-------+
XLXI_2/clk_10k                     | NONE(XLXI_6/sel_0)     | 4     |
XLXI_2/clk_1k                      | NONE(XLXI_1/colI_3)    | 18    |
XLXI_2/clk_1m1                     | BUFG                   | 66    |
SYS_CLK                            | BUFGP                  | 33    |
-----------------------------------+------------------------+-------+
INFO:Xst:2169 - HDL ADVISOR - Some clock signals were not automatically buffered by XST with BUFG/BUFR resources. Please use the buffer_type constraint in order to insert these buffers to the clock signals to help prevent skew problems.

Asynchronous Control Signals Information:
----------------------------------------
-------------------------------------------------+------------------------+-------+
Control Signal                                   | Buffer(FF name)        | Load  |
-------------------------------------------------+------------------------+-------+
En                                               | IBUF                   | 1     |
N0(XST_GND:G)                                    | NONE(XLXI_5/Dout1_0)   | 1     |
XLXI_5/Dout0_0_and0000(XLXI_5/Dout0_0_and00001:O)| NONE(XLXI_5/Dout0_0)   | 1     |
XLXI_5/Dout0_0_and0001(XLXI_5/Dout0_0_and00011:O)| NONE(XLXI_5/Dout0_0)   | 1     |
XLXI_5/Dout0_1_and0000(XLXI_5/Dout0_1_and00001:O)| NONE(XLXI_5/Dout0_1)   | 1     |
XLXI_5/Dout0_1_and0001(XLXI_5/Dout0_1_and00011:O)| NONE(XLXI_5/Dout0_1)   | 1     |
XLXI_5/Dout0_2_and0000(XLXI_5/Dout0_2_and00001:O)| NONE(XLXI_5/Dout0_2)   | 1     |
XLXI_5/Dout0_2_and0001(XLXI_5/Dout0_2_and00011:O)| NONE(XLXI_5/Dout0_2)   | 1     |
XLXI_5/Dout0_3_and0000(XLXI_5/Dout0_3_and00001:O)| NONE(XLXI_5/Dout0_3)   | 1     |
XLXI_5/Dout0_3_and0001(XLXI_5/Dout0_3_and00011:O)| NONE(XLXI_5/Dout0_3)   | 1     |
-------------------------------------------------+------------------------+-------+

Timing Summary:
---------------
Speed Grade: -4

   Minimum period: 10.324ns (Maximum Frequency: 96.860MHz)
   Minimum input arrival time before clock: 5.839ns
   Maximum output required time after clock: 6.056ns
   Maximum combinational path delay: No path found

Timing Detail:
--------------
All values displayed in nanoseconds (ns)

=========================================================================
Timing constraint: Default period analysis for Clock 'XLXI_2/clk_10k'
  Clock period: 2.225ns (frequency: 449.438MHz)
  Total number of paths / destination ports: 5 / 4
-------------------------------------------------------------------------
Delay:               2.225ns (Levels of Logic = 1)
  Source:            XLXI_6/selx_1 (FF)
  Destination:       XLXI_6/sel_0 (FF)
  Source Clock:      XLXI_2/clk_10k rising
  Destination Clock: XLXI_2/clk_10k rising

  Data Path: XLXI_6/selx_1 to XLXI_6/sel_0
                                Gate     Net
    Cell:in->out      fanout   Delay   Delay  Logical Name (Net Name)
    ----------------------------------------  ------------
     FD:C->Q               2   0.591   0.622  XLXI_6/selx_1 (XLXI_6/selx_1)
     LUT2:I0->O            1   0.704   0.000  XLXI_6/Mrom_sel_mux0001111 (XLXI_6/Mrom_sel_mux00011)
     FD:D                      0.308          XLXI_6/sel_0
    ----------------------------------------
    Total                      2.225ns (1.603ns logic, 0.622ns route)
                                       (72.0% logic, 28.0% route)

=========================================================================
Timing constraint: Default period analysis for Clock 'XLXI_2/clk_1k'
  Clock period: 6.139ns (frequency: 162.893MHz)
  Total number of paths / destination ports: 104 / 26
-------------------------------------------------------------------------
Delay:               6.139ns (Levels of Logic = 3)
  Source:            XLXI_1/colO_0 (FF)
  Destination:       XLXI_1/binO_2 (FF)
  Source Clock:      XLXI_2/clk_1k rising
  Destination Clock: XLXI_2/clk_1k rising

  Data Path: XLXI_1/colO_0 to XLXI_1/binO_2
                                Gate     Net
    Cell:in->out      fanout   Delay   Delay  Logical Name (Net Name)
    ----------------------------------------  ------------
     FDR:C->Q             10   0.591   1.057  XLXI_1/colO_0 (XLXI_1/colO_0)
     LUT4:I0->O            3   0.704   0.531  XLXI_1/binO_cmp_eq00021 (XLXI_1/binO_cmp_eq0002)
     MUXF5:S->O            2   0.739   0.482  XLXI_1/binO_mux0002<1>3_f5 (XLXI_1/N6)
     LUT3:I2->O            1   0.704   0.420  XLXI_1/binO_mux0002<3>2 (XLXI_1/binO_mux0002<3>2)
     FDS:S                     0.911          XLXI_1/binO_0
    ----------------------------------------
    Total                      6.139ns (3.649ns logic, 2.490ns route)
                                       (59.4% logic, 40.6% route)

=========================================================================
Timing constraint: Default period analysis for Clock 'XLXI_2/clk_1m1'
  Clock period: 10.324ns (frequency: 96.860MHz)
  Total number of paths / destination ports: 38018 / 132
-------------------------------------------------------------------------
Delay:               10.324ns (Levels of Logic = 34)
  Source:            XLXI_2/cnt1k_1 (FF)
  Destination:       XLXI_2/cnt1k_31 (FF)
  Source Clock:      XLXI_2/clk_1m1 rising
  Destination Clock: XLXI_2/clk_1m1 rising

  Data Path: XLXI_2/cnt1k_1 to XLXI_2/cnt1k_31
                                Gate     Net
    Cell:in->out      fanout   Delay   Delay  Logical Name (Net Name)
    ----------------------------------------  ------------
     FDR:C->Q              2   0.591   0.622  XLXI_2/cnt1k_1 (XLXI_2/cnt1k_1)
     LUT1:I0->O            1   0.704   0.000  XLXI_2/Madd_clk_1k_addsub0000_cy<1>_rt (XLXI_2/Madd_clk_1k_addsub0000_cy<1>_rt)
     MUXCY:S->O            1   0.464   0.000  XLXI_2/Madd_clk_1k_addsub0000_cy<1> (XLXI_2/Madd_clk_1k_addsub0000_cy<1>)
     MUXCY:CI->O           1   0.059   0.000  XLXI_2/Madd_clk_1k_addsub0000_cy<2> (XLXI_2/Madd_clk_1k_addsub0000_cy<2>)
     MUXCY:CI->O           1   0.059   0.000  XLXI_2/Madd_clk_1k_addsub0000_cy<3> (XLXI_2/Madd_clk_1k_addsub0000_cy<3>)
     MUXCY:CI->O           1   0.059   0.000  XLXI_2/Madd_clk_1k_addsub0000_cy<4> (XLXI_2/Madd_clk_1k_addsub0000_cy<4>)
     MUXCY:CI->O           1   0.059   0.000  XLXI_2/Madd_clk_1k_addsub0000_cy<5> (XLXI_2/Madd_clk_1k_addsub0000_cy<5>)
     MUXCY:CI->O           1   0.059   0.000  XLXI_2/Madd_clk_1k_addsub0000_cy<6> (XLXI_2/Madd_clk_1k_addsub0000_cy<6>)
     MUXCY:CI->O           1   0.059   0.000  XLXI_2/Madd_clk_1k_addsub0000_cy<7> (XLXI_2/Madd_clk_1k_addsub0000_cy<7>)
     MUXCY:CI->O           1   0.059   0.000  XLXI_2/Madd_clk_1k_addsub0000_cy<8> (XLXI_2/Madd_clk_1k_addsub0000_cy<8>)
     MUXCY:CI->O           1   0.059   0.000  XLXI_2/Madd_clk_1k_addsub0000_cy<9> (XLXI_2/Madd_clk_1k_addsub0000_cy<9>)
     MUXCY:CI->O           1   0.059   0.000  XLXI_2/Madd_clk_1k_addsub0000_cy<10> (XLXI_2/Madd_clk_1k_addsub0000_cy<10>)
     MUXCY:CI->O           1   0.059   0.000  XLXI_2/Madd_clk_1k_addsub0000_cy<11> (XLXI_2/Madd_clk_1k_addsub0000_cy<11>)
     MUXCY:CI->O           1   0.059   0.000  XLXI_2/Madd_clk_1k_addsub0000_cy<12> (XLXI_2/Madd_clk_1k_addsub0000_cy<12>)
     MUXCY:CI->O           1   0.059   0.000  XLXI_2/Madd_clk_1k_addsub0000_cy<13> (XLXI_2/Madd_clk_1k_addsub0000_cy<13>)
     MUXCY:CI->O           1   0.059   0.000  XLXI_2/Madd_clk_1k_addsub0000_cy<14> (XLXI_2/Madd_clk_1k_addsub0000_cy<14>)
     MUXCY:CI->O           1   0.059   0.000  XLXI_2/Madd_clk_1k_addsub0000_cy<15> (XLXI_2/Madd_clk_1k_addsub0000_cy<15>)
     MUXCY:CI->O           1   0.059   0.000  XLXI_2/Madd_clk_1k_addsub0000_cy<16> (XLXI_2/Madd_clk_1k_addsub0000_cy<16>)
     MUXCY:CI->O           1   0.059   0.000  XLXI_2/Madd_clk_1k_addsub0000_cy<17> (XLXI_2/Madd_clk_1k_addsub0000_cy<17>)
     MUXCY:CI->O           1   0.059   0.000  XLXI_2/Madd_clk_1k_addsub0000_cy<18> (XLXI_2/Madd_clk_1k_addsub0000_cy<18>)
     MUXCY:CI->O           1   0.059   0.000  XLXI_2/Madd_clk_1k_addsub0000_cy<19> (XLXI_2/Madd_clk_1k_addsub0000_cy<19>)
     MUXCY:CI->O           1   0.059   0.000  XLXI_2/Madd_clk_1k_addsub0000_cy<20> (XLXI_2/Madd_clk_1k_addsub0000_cy<20>)
     MUXCY:CI->O           1   0.059   0.000  XLXI_2/Madd_clk_1k_addsub0000_cy<21> (XLXI_2/Madd_clk_1k_addsub0000_cy<21>)
     MUXCY:CI->O           1   0.059   0.000  XLXI_2/Madd_clk_1k_addsub0000_cy<22> (XLXI_2/Madd_clk_1k_addsub0000_cy<22>)
     MUXCY:CI->O           1   0.059   0.000  XLXI_2/Madd_clk_1k_addsub0000_cy<23> (XLXI_2/Madd_clk_1k_addsub0000_cy<23>)
     MUXCY:CI->O           1   0.059   0.000  XLXI_2/Madd_clk_1k_addsub0000_cy<24> (XLXI_2/Madd_clk_1k_addsub0000_cy<24>)
     MUXCY:CI->O           1   0.059   0.000  XLXI_2/Madd_clk_1k_addsub0000_cy<25> (XLXI_2/Madd_clk_1k_addsub0000_cy<25>)
     MUXCY:CI->O           1   0.059   0.000  XLXI_2/Madd_clk_1k_addsub0000_cy<26> (XLXI_2/Madd_clk_1k_addsub0000_cy<26>)
     MUXCY:CI->O           1   0.059   0.000  XLXI_2/Madd_clk_1k_addsub0000_cy<27> (XLXI_2/Madd_clk_1k_addsub0000_cy<27>)
     MUXCY:CI->O           1   0.059   0.000  XLXI_2/Madd_clk_1k_addsub0000_cy<28> (XLXI_2/Madd_clk_1k_addsub0000_cy<28>)
     XORCY:CI->O           1   0.804   0.595  XLXI_2/Madd_clk_1k_addsub0000_xor<29> (XLXI_2/clk_1k_addsub0000<29>)
     LUT2:I0->O            1   0.704   0.000  XLXI_2/Mcompar_clk_1k_cmp_gt0000_lut<10> (XLXI_2/Mcompar_clk_1k_cmp_gt0000_lut<10>)
     MUXCY:S->O            1   0.464   0.000  XLXI_2/Mcompar_clk_1k_cmp_gt0000_cy<10> (XLXI_2/Mcompar_clk_1k_cmp_gt0000_cy<10>)
     MUXCY:CI->O           2   0.459   0.447  XLXI_2/Mcompar_clk_1k_cmp_gt0000_cy<11> (XLXI_2/Mcompar_clk_1k_cmp_gt0000_cy<11>)
     INV:I->O             32   0.704   1.262  XLXI_2/Mcompar_clk_1k_cmp_gt0000_cy<11>_inv_INV_0 (XLXI_2/clk_1k_cmp_gt0000)
     FDR:R                     0.911          XLXI_2/cnt1k_0
    ----------------------------------------
    Total                     10.324ns (7.398ns logic, 2.926ns route)
                                       (71.7% logic, 28.3% route)

=========================================================================
Timing constraint: Default period analysis for Clock 'SYS_CLK'
  Clock period: 9.046ns (frequency: 110.552MHz)
  Total number of paths / destination ports: 17953 / 66
-------------------------------------------------------------------------
Delay:               9.046ns (Levels of Logic = 33)
  Source:            XLXI_2/cnt1M_1 (FF)
  Destination:       XLXI_2/cnt1M_31 (FF)
  Source Clock:      SYS_CLK rising
  Destination Clock: SYS_CLK rising

  Data Path: XLXI_2/cnt1M_1 to XLXI_2/cnt1M_31
                                Gate     Net
    Cell:in->out      fanout   Delay   Delay  Logical Name (Net Name)
    ----------------------------------------  ------------
     FDR:C->Q              2   0.591   0.622  XLXI_2/cnt1M_1 (XLXI_2/cnt1M_1)
     LUT1:I0->O            1   0.704   0.000  XLXI_2/Madd_clk_1m_addsub0000_cy<1>_rt (XLXI_2/Madd_clk_1m_addsub0000_cy<1>_rt)
     MUXCY:S->O            1   0.464   0.000  XLXI_2/Madd_clk_1m_addsub0000_cy<1> (XLXI_2/Madd_clk_1m_addsub0000_cy<1>)
     MUXCY:CI->O           1   0.059   0.000  XLXI_2/Madd_clk_1m_addsub0000_cy<2> (XLXI_2/Madd_clk_1m_addsub0000_cy<2>)
     MUXCY:CI->O           1   0.059   0.000  XLXI_2/Madd_clk_1m_addsub0000_cy<3> (XLXI_2/Madd_clk_1m_addsub0000_cy<3>)
     MUXCY:CI->O           1   0.059   0.000  XLXI_2/Madd_clk_1m_addsub0000_cy<4> (XLXI_2/Madd_clk_1m_addsub0000_cy<4>)
     MUXCY:CI->O           1   0.059   0.000  XLXI_2/Madd_clk_1m_addsub0000_cy<5> (XLXI_2/Madd_clk_1m_addsub0000_cy<5>)
     MUXCY:CI->O           1   0.059   0.000  XLXI_2/Madd_clk_1m_addsub0000_cy<6> (XLXI_2/Madd_clk_1m_addsub0000_cy<6>)
     MUXCY:CI->O           1   0.059   0.000  XLXI_2/Madd_clk_1m_addsub0000_cy<7> (XLXI_2/Madd_clk_1m_addsub0000_cy<7>)
     MUXCY:CI->O           1   0.059   0.000  XLXI_2/Madd_clk_1m_addsub0000_cy<8> (XLXI_2/Madd_clk_1m_addsub0000_cy<8>)
     MUXCY:CI->O           1   0.059   0.000  XLXI_2/Madd_clk_1m_addsub0000_cy<9> (XLXI_2/Madd_clk_1m_addsub0000_cy<9>)
     MUXCY:CI->O           1   0.059   0.000  XLXI_2/Madd_clk_1m_addsub0000_cy<10> (XLXI_2/Madd_clk_1m_addsub0000_cy<10>)
     MUXCY:CI->O           1   0.059   0.000  XLXI_2/Madd_clk_1m_addsub0000_cy<11> (XLXI_2/Madd_clk_1m_addsub0000_cy<11>)
     MUXCY:CI->O           1   0.059   0.000  XLXI_2/Madd_clk_1m_addsub0000_cy<12> (XLXI_2/Madd_clk_1m_addsub0000_cy<12>)
     MUXCY:CI->O           1   0.059   0.000  XLXI_2/Madd_clk_1m_addsub0000_cy<13> (XLXI_2/Madd_clk_1m_addsub0000_cy<13>)
     MUXCY:CI->O           1   0.059   0.000  XLXI_2/Madd_clk_1m_addsub0000_cy<14> (XLXI_2/Madd_clk_1m_addsub0000_cy<14>)
     MUXCY:CI->O           1   0.059   0.000  XLXI_2/Madd_clk_1m_addsub0000_cy<15> (XLXI_2/Madd_clk_1m_addsub0000_cy<15>)
     MUXCY:CI->O           1   0.059   0.000  XLXI_2/Madd_clk_1m_addsub0000_cy<16> (XLXI_2/Madd_clk_1m_addsub0000_cy<16>)
     MUXCY:CI->O           1   0.059   0.000  XLXI_2/Madd_clk_1m_addsub0000_cy<17> (XLXI_2/Madd_clk_1m_addsub0000_cy<17>)
     MUXCY:CI->O           1   0.059   0.000  XLXI_2/Madd_clk_1m_addsub0000_cy<18> (XLXI_2/Madd_clk_1m_addsub0000_cy<18>)
     MUXCY:CI->O           1   0.059   0.000  XLXI_2/Madd_clk_1m_addsub0000_cy<19> (XLXI_2/Madd_clk_1m_addsub0000_cy<19>)
     MUXCY:CI->O           1   0.059   0.000  XLXI_2/Madd_clk_1m_addsub0000_cy<20> (XLXI_2/Madd_clk_1m_addsub0000_cy<20>)
     MUXCY:CI->O           1   0.059   0.000  XLXI_2/Madd_clk_1m_addsub0000_cy<21> (XLXI_2/Madd_clk_1m_addsub0000_cy<21>)
     MUXCY:CI->O           1   0.059   0.000  XLXI_2/Madd_clk_1m_addsub0000_cy<22> (XLXI_2/Madd_clk_1m_addsub0000_cy<22>)
     MUXCY:CI->O           1   0.059   0.000  XLXI_2/Madd_clk_1m_addsub0000_cy<23> (XLXI_2/Madd_clk_1m_addsub0000_cy<23>)
     MUXCY:CI->O           1   0.059   0.000  XLXI_2/Madd_clk_1m_addsub0000_cy<24> (XLXI_2/Madd_clk_1m_addsub0000_cy<24>)
     MUXCY:CI->O           1   0.059   0.000  XLXI_2/Madd_clk_1m_addsub0000_cy<25> (XLXI_2/Madd_clk_1m_addsub0000_cy<25>)
     MUXCY:CI->O           1   0.059   0.000  XLXI_2/Madd_clk_1m_addsub0000_cy<26> (XLXI_2/Madd_clk_1m_addsub0000_cy<26>)
     MUXCY:CI->O           1   0.059   0.000  XLXI_2/Madd_clk_1m_addsub0000_cy<27> (XLXI_2/Madd_clk_1m_addsub0000_cy<27>)
     MUXCY:CI->O           1   0.059   0.000  XLXI_2/Madd_clk_1m_addsub0000_cy<28> (XLXI_2/Madd_clk_1m_addsub0000_cy<28>)
     XORCY:CI->O           1   0.804   0.595  XLXI_2/Madd_clk_1m_addsub0000_xor<29> (XLXI_2/clk_1m_addsub0000<29>)
     LUT2:I0->O            1   0.704   0.000  XLXI_2/Mcompar_clk_1m_cmp_ge0000_lut<9> (XLXI_2/Mcompar_clk_1m_cmp_ge0000_lut<9>)
     MUXCY:S->O            1   0.464   0.000  XLXI_2/Mcompar_clk_1m_cmp_ge0000_cy<9> (XLXI_2/Mcompar_clk_1m_cmp_ge0000_cy<9>)
     MUXCY:CI->O          33   0.331   1.263  XLXI_2/Mcompar_clk_1m_cmp_ge0000_cy<10> (XLXI_2/clk_1m_cmp_ge0000)
     FDR:R                     0.911          XLXI_2/cnt1M_0
    ----------------------------------------
    Total                      9.046ns (6.566ns logic, 2.480ns route)
                                       (72.6% logic, 27.4% route)

=========================================================================
Timing constraint: Default OFFSET IN BEFORE for Clock 'XLXI_2/clk_1k'
  Total number of paths / destination ports: 80 / 10
-------------------------------------------------------------------------
Offset:              5.839ns (Levels of Logic = 4)
  Source:            row<3> (PAD)
  Destination:       XLXI_1/binO_2 (FF)
  Destination Clock: XLXI_2/clk_1k rising

  Data Path: row<3> to XLXI_1/binO_2
                                Gate     Net
    Cell:in->out      fanout   Delay   Delay  Logical Name (Net Name)
    ----------------------------------------  ------------
     IBUF:I->O             6   1.218   0.844  row_3_IBUF (row_3_IBUF)
     LUT4:I0->O            4   0.704   0.762  XLXI_1/binO_mux0002<0>41 (XLXI_1/keyO_cmp_eq0001)
     LUT4:I0->O            1   0.704   0.595  XLXI_1/binO_mux0002<1>701_SW1 (N16)
     LUT4:I0->O            1   0.704   0.000  XLXI_1/binO_mux0002<1>701 (XLXI_1/binO_mux0002<1>70)
     FDS:D                     0.308          XLXI_1/binO_2
    ----------------------------------------
    Total                      5.839ns (3.638ns logic, 2.201ns route)
                                       (62.3% logic, 37.7% route)

=========================================================================
Timing constraint: Default OFFSET OUT AFTER for Clock 'XLXI_2/clk_1k'
  Total number of paths / destination ports: 15 / 9
-------------------------------------------------------------------------
Offset:              6.056ns (Levels of Logic = 3)
  Source:            XLXI_1/keyO (FF)
  Destination:       binDisplay<0> (PAD)
  Source Clock:      XLXI_2/clk_1k rising

  Data Path: XLXI_1/keyO to binDisplay<0>
                                Gate     Net
    Cell:in->out      fanout   Delay   Delay  Logical Name (Net Name)
    ----------------------------------------  ------------
     FDRS:C->Q             6   0.591   0.748  XLXI_1/keyO (XLXI_1/keyO)
     LUT3:I1->O            1   0.704   0.000  XLXI_4/hexO<0>1 (XLXI_4/hexO<0>)
     MUXF5:I1->O           1   0.321   0.420  XLXI_4/hexO<0>_f5 (binDisplay_0_OBUF)
     OBUF:I->O                 3.272          binDisplay_0_OBUF (binDisplay<0>)
    ----------------------------------------
    Total                      6.056ns (4.888ns logic, 1.168ns route)
                                       (80.7% logic, 19.3% route)

=========================================================================
Timing constraint: Default OFFSET OUT AFTER for Clock 'XLXI_2/clk_10k'
  Total number of paths / destination ports: 9 / 4
-------------------------------------------------------------------------
Offset:              6.012ns (Levels of Logic = 3)
  Source:            XLXI_6/sel_0 (FF)
  Destination:       binDisplay<0> (PAD)
  Source Clock:      XLXI_2/clk_10k rising

  Data Path: XLXI_6/sel_0 to binDisplay<0>
                                Gate     Net
    Cell:in->out      fanout   Delay   Delay  Logical Name (Net Name)
    ----------------------------------------  ------------
     FD:C->Q               6   0.591   0.704  XLXI_6/sel_0 (XLXI_6/sel_0)
     LUT3:I2->O            1   0.704   0.000  XLXI_4/hexO<0>1 (XLXI_4/hexO<0>)
     MUXF5:I1->O           1   0.321   0.420  XLXI_4/hexO<0>_f5 (binDisplay_0_OBUF)
     OBUF:I->O                 3.272          binDisplay_0_OBUF (binDisplay<0>)
    ----------------------------------------
    Total                      6.012ns (4.888ns logic, 1.124ns route)
                                       (81.3% logic, 18.7% route)

=========================================================================


Total REAL time to Xst completion: 5.00 secs
Total CPU time to Xst completion: 5.27 secs
 
--> 

Total memory usage is 287800 kilobytes

Number of errors   :    0 (   0 filtered)
Number of warnings :   50 (   0 filtered)
Number of infos    :    7 (   0 filtered)

