#-----------------------------------------------------------
# PlanAhead v14.7 (64-bit)
# Build 321239 by xbuild on Fri Sep 27 19:29:51 MDT 2013
# Start of session at: Thu Nov 16 15:00:06 2017
# Process ID: 4364
# Log file: C:/Users/Big D/Documents/CSUSM/PHYS301/Folder for SevenSeg/SevenSeg/planAhead_run_2/planAhead.log
# Journal file: C:/Users/Big D/Documents/CSUSM/PHYS301/Folder for SevenSeg/SevenSeg/planAhead_run_2/planAhead.jou
#-----------------------------------------------------------
INFO: [Common 17-78] Attempting to get a license: PlanAhead
INFO: [Common 17-290] Got license for PlanAhead
INFO: [Common 17-86] Your PlanAhead license expires in -1477 day(s)
INFO: [Device 21-36] Loading parts and site information from C:/Xilinx/14.7/ISE_DS/PlanAhead/data/parts/arch.xml
Parsing RTL primitives file [C:/Xilinx/14.7/ISE_DS/PlanAhead/data/parts/xilinx/rtl/prims/rtl_prims.xml]
Finished parsing RTL primitives file [C:/Xilinx/14.7/ISE_DS/PlanAhead/data/parts/xilinx/rtl/prims/rtl_prims.xml]
start_gui
source {C:/Users/Big D/Documents/CSUSM/PHYS301/Folder for SevenSeg/SevenSeg/pa.fromNetlist.tcl}
# create_project -name SevenSeg -dir "C:/Users/Big D/Documents/CSUSM/PHYS301/Folder for SevenSeg/SevenSeg/planAhead_run_2" -part xc3s100ecp132-4
ERROR: [Common 17-53] User Exception: Project already exists on disk, please use '-force' option to overwrite: 
     C:/Users/Big D/Documents/CSUSM/PHYS301/Folder for SevenSeg/SevenSeg/planAhead_run_2/SevenSeg.ppr
     C:/Users/Big D/Documents/CSUSM/PHYS301/Folder for SevenSeg/SevenSeg/planAhead_run_2/SevenSeg.data

    while executing
"create_project -name SevenSeg -dir "C:/Users/Big D/Documents/CSUSM/PHYS301/Folder for SevenSeg/SevenSeg/planAhead_run_2" -part xc3s100ecp132-4"
    (file "C:/Users/Big D/Documents/CSUSM/PHYS301/Folder for SevenSeg/SevenSeg/pa.fromNetlist.tcl" line 4)
exit
INFO: [Common 17-206] Exiting PlanAhead at Thu Nov 16 15:00:51 2017...
INFO: [Common 17-83] Releasing license: PlanAhead
