#-----------------------------------------------------------
# PlanAhead v14.7 (64-bit)
# Build 321239 by xbuild on Fri Sep 27 19:29:51 MDT 2013
# Start of session at: Thu Nov 16 15:01:18 2017
# Process ID: 4852
# Log file: C:/Users/Big D/Documents/CSUSM/PHYS301/Folder for SevenSeg/SevenSeg/planAhead_run_3/planAhead.log
# Journal file: C:/Users/Big D/Documents/CSUSM/PHYS301/Folder for SevenSeg/SevenSeg/planAhead_run_3/planAhead.jou
#-----------------------------------------------------------
INFO: [Common 17-78] Attempting to get a license: PlanAhead
INFO: [Common 17-290] Got license for PlanAhead
INFO: [Common 17-86] Your PlanAhead license expires in -1477 day(s)
INFO: [Device 21-36] Loading parts and site information from C:/Xilinx/14.7/ISE_DS/PlanAhead/data/parts/arch.xml
Parsing RTL primitives file [C:/Xilinx/14.7/ISE_DS/PlanAhead/data/parts/xilinx/rtl/prims/rtl_prims.xml]
Finished parsing RTL primitives file [C:/Xilinx/14.7/ISE_DS/PlanAhead/data/parts/xilinx/rtl/prims/rtl_prims.xml]
start_gui
source {C:/Users/Big D/Documents/CSUSM/PHYS301/Folder for SevenSeg/SevenSeg/pa.fromNetlist.tcl}
# create_project -name SevenSeg -dir "C:/Users/Big D/Documents/CSUSM/PHYS301/Folder for SevenSeg/SevenSeg/planAhead_run_3" -part xc3s100ecp132-4
# set_property design_mode GateLvl [get_property srcset [current_run -impl]]
# set_property edif_top_file "C:/Users/Big D/Documents/CSUSM/PHYS301/Folder for SevenSeg/SevenSeg/sevenSeg.ngc" [ get_property srcset [ current_run ] ]
# add_files -norecurse { {C:/Users/Big D/Documents/CSUSM/PHYS301/Folder for SevenSeg/SevenSeg} }
# set_param project.pinAheadLayout  yes
# set_property target_constrs_file "sevenSeg.ucf" [current_fileset -constrset]
Adding file 'C:/Users/Big D/Documents/CSUSM/PHYS301/Folder for SevenSeg/SevenSeg/sevenSeg.ucf' to fileset 'constrs_1'
# add_files [list {sevenSeg.ucf}] -fileset [get_property constrset [current_run]]
# link_design
Design is defaulting to srcset: sources_1
Design is defaulting to constrset: constrs_1
Design is defaulting to project part: xc3s100ecp132-4
Release 14.7 - ngc2edif P.20131013 (nt64)
Copyright (c) 1995-2013 Xilinx, Inc.  All rights reserved.
Reading design sevenSeg.ngc ...
WARNING:NetListWriters:298 - No output is written to sevenSeg.xncf, ignored.
Processing design ...
   Preping design's networks ...
   Preping design's macros ...
WARNING:NetListWriters:306 - Signal bus XLXI_82/Mcompar_clk_1k_cmp_gt0000_lut<11
   : 0> on block sevenSeg is not reconstructed, because there are some missing
   bus signals.
  finished :Prep
Writing EDIF netlist file sevenSeg.edif ...
ngc2edif: Total memory usage is 80288 kilobytes

Parsing EDIF File [./planAhead_run_3/SevenSeg.data/cache/sevenSeg_ngc_zx.edif]
Finished Parsing EDIF File [./planAhead_run_3/SevenSeg.data/cache/sevenSeg_ngc_zx.edif]
INFO: [Designutils 20-910] Reading macro library C:/Xilinx/14.7/ISE_DS/PlanAhead/data\./parts/xilinx/spartan3e/spartan3e/hd_int_macros.edn
Parsing EDIF File [C:/Xilinx/14.7/ISE_DS/PlanAhead/data\./parts/xilinx/spartan3e/spartan3e/hd_int_macros.edn]
Finished Parsing EDIF File [C:/Xilinx/14.7/ISE_DS/PlanAhead/data\./parts/xilinx/spartan3e/spartan3e/hd_int_macros.edn]
Loading clock regions from C:/Xilinx/14.7/ISE_DS/PlanAhead/data\parts/xilinx/spartan3e/spartan3e/xc3s100e/ClockRegion.xml
Loading clock buffers from C:/Xilinx/14.7/ISE_DS/PlanAhead/data\parts/xilinx/spartan3e/spartan3e/xc3s100e/ClockBuffers.xml
Loading package from C:/Xilinx/14.7/ISE_DS/PlanAhead/data\parts/xilinx/spartan3e/spartan3e/xc3s100e/cp132/Package.xml
Loading io standards from C:/Xilinx/14.7/ISE_DS/PlanAhead/data\./parts/xilinx/spartan3e/IOStandards.xml
INFO: [Device 21-19] Loading pkg sso from C:/Xilinx/14.7/ISE_DS/PlanAhead/data\parts/xilinx/spartan3e/spartan3e/xc3s100e/cp132/SSORules.xml
Loading list of drcs for the architecture : C:/Xilinx/14.7/ISE_DS/PlanAhead/data\./parts/xilinx/spartan3e/spartan3e/drc.xml
INFO: [Timing 38-77] Reading timing library C:/Xilinx/14.7/ISE_DS/PlanAhead/data\parts/xilinx/spartan3e/spartan3e/spartan3e-4.lib.
INFO: [Timing 38-34] Done reading timing library C:/Xilinx/14.7/ISE_DS/PlanAhead/data\parts/xilinx/spartan3e/spartan3e/spartan3e-4.lib.
Parsing UCF File [C:/Users/Big D/Documents/CSUSM/PHYS301/Folder for SevenSeg/SevenSeg/sevenSeg.ucf]
Finished Parsing UCF File [C:/Users/Big D/Documents/CSUSM/PHYS301/Folder for SevenSeg/SevenSeg/sevenSeg.ucf]
INFO: [Project 1-111] Unisim Transformation Summary:
No Unisim elements were transformed.

Phase 0 | Netlist Checksum: 6996492d
link_design: Time (s): elapsed = 00:00:06 . Memory (MB): peak = 565.211 ; gain = 110.188
startgroup
set_property package_pin N5 [get_ports {anO[3]}]
endgroup
save_constraints
