Release 14.7 - xst P.20131013 (nt64)
Copyright (c) 1995-2013 Xilinx, Inc.  All rights reserved.
--> Parameter TMPDIR set to xst/projnav.tmp


Total REAL time to Xst completion: 1.00 secs
Total CPU time to Xst completion: 0.31 secs
 
--> Parameter xsthdpdir set to xst


Total REAL time to Xst completion: 1.00 secs
Total CPU time to Xst completion: 0.31 secs
 
--> Reading design: memByte.prj

TABLE OF CONTENTS
  1) Synthesis Options Summary
  2) HDL Compilation
  3) Design Hierarchy Analysis
  4) HDL Analysis
  5) HDL Synthesis
     5.1) HDL Synthesis Report
  6) Advanced HDL Synthesis
     6.1) Advanced HDL Synthesis Report
  7) Low Level Synthesis
  8) Partition Report
  9) Final Report
	9.1) Device utilization summary
	9.2) Partition Resource Summary
	9.3) TIMING REPORT


=========================================================================
*                      Synthesis Options Summary                        *
=========================================================================
---- Source Parameters
Input File Name                    : "memByte.prj"
Input Format                       : mixed
Ignore Synthesis Constraint File   : NO

---- Target Parameters
Output File Name                   : "memByte"
Output Format                      : NGC
Target Device                      : xc3s100e-4-cp132

---- Source Options
Top Module Name                    : memByte
Automatic FSM Extraction           : YES
FSM Encoding Algorithm             : Auto
Safe Implementation                : No
FSM Style                          : LUT
RAM Extraction                     : Yes
RAM Style                          : Auto
ROM Extraction                     : Yes
Mux Style                          : Auto
Decoder Extraction                 : YES
Priority Encoder Extraction        : Yes
Shift Register Extraction          : YES
Logical Shifter Extraction         : YES
XOR Collapsing                     : YES
ROM Style                          : Auto
Mux Extraction                     : Yes
Resource Sharing                   : YES
Asynchronous To Synchronous        : NO
Multiplier Style                   : Auto
Automatic Register Balancing       : No

---- Target Options
Add IO Buffers                     : YES
Global Maximum Fanout              : 500
Add Generic Clock Buffer(BUFG)     : 24
Register Duplication               : YES
Slice Packing                      : YES
Optimize Instantiated Primitives   : NO
Use Clock Enable                   : Yes
Use Synchronous Set                : Yes
Use Synchronous Reset              : Yes
Pack IO Registers into IOBs        : Auto
Equivalent register Removal        : YES

---- General Options
Optimization Goal                  : Speed
Optimization Effort                : 1
Keep Hierarchy                     : No
Netlist Hierarchy                  : As_Optimized
RTL Output                         : Yes
Global Optimization                : AllClockNets
Read Cores                         : YES
Write Timing Constraints           : NO
Cross Clock Analysis               : NO
Hierarchy Separator                : /
Bus Delimiter                      : <>
Case Specifier                     : Maintain
Slice Utilization Ratio            : 100
BRAM Utilization Ratio             : 100
Verilog 2001                       : YES
Auto BRAM Packing                  : NO
Slice Utilization Ratio Delta      : 5

=========================================================================


=========================================================================
*                          HDL Compilation                              *
=========================================================================
Compiling vhdl file "C:/Users/Big D/Documents/GitHub/Physics-But-actually-CS-final/Components/memByte/memByte/memByte.vhf" in Library work.
Entity <FJKCE_MXILINX_memByte> compiled.
Entity <FJKCE_MXILINX_memByte> (Architecture <BEHAVIORAL>) compiled.
Entity <memByte> compiled.
Entity <memByte> (Architecture <BEHAVIORAL>) compiled.

=========================================================================
*                     Design Hierarchy Analysis                         *
=========================================================================
Analyzing hierarchy for entity <memByte> in library <work> (architecture <BEHAVIORAL>).

Analyzing hierarchy for entity <FJKCE_MXILINX_memByte> in library <work> (architecture <BEHAVIORAL>) with generics.
	INIT = '0'


=========================================================================
*                            HDL Analysis                               *
=========================================================================
Analyzing Entity <memByte> in library <work> (Architecture <BEHAVIORAL>).
    Set user-defined property "HU_SET =  XLXI_1_0" for instance <XLXI_1> in unit <memByte>.
    Set user-defined property "HU_SET =  XLXI_2_1" for instance <XLXI_2> in unit <memByte>.
    Set user-defined property "HU_SET =  XLXI_3_2" for instance <XLXI_3> in unit <memByte>.
    Set user-defined property "HU_SET =  XLXI_4_3" for instance <XLXI_4> in unit <memByte>.
    Set user-defined property "HU_SET =  XLXI_6_4" for instance <XLXI_6> in unit <memByte>.
    Set user-defined property "HU_SET =  XLXI_7_5" for instance <XLXI_7> in unit <memByte>.
    Set user-defined property "HU_SET =  XLXI_8_6" for instance <XLXI_8> in unit <memByte>.
    Set user-defined property "HU_SET =  XLXI_9_7" for instance <XLXI_9> in unit <memByte>.
Entity <memByte> analyzed. Unit <memByte> generated.

Analyzing generic Entity <FJKCE_MXILINX_memByte> in library <work> (Architecture <BEHAVIORAL>).
	INIT = '0'
    Set user-defined property "INIT =  0" for instance <I_36_32> in unit <FJKCE_MXILINX_memByte>.
    Set user-defined property "RLOC =  X0Y0" for instance <I_36_32> in unit <FJKCE_MXILINX_memByte>.
Entity <FJKCE_MXILINX_memByte> analyzed. Unit <FJKCE_MXILINX_memByte> generated.


=========================================================================
*                           HDL Synthesis                               *
=========================================================================

Performing bidirectional port resolution...

Synthesizing Unit <FJKCE_MXILINX_memByte>.
    Related source file is "C:/Users/Big D/Documents/GitHub/Physics-But-actually-CS-final/Components/memByte/memByte/memByte.vhf".
Unit <FJKCE_MXILINX_memByte> synthesized.


Synthesizing Unit <memByte>.
    Related source file is "C:/Users/Big D/Documents/GitHub/Physics-But-actually-CS-final/Components/memByte/memByte/memByte.vhf".
Unit <memByte> synthesized.


=========================================================================
HDL Synthesis Report

Found no macro
=========================================================================

=========================================================================
*                       Advanced HDL Synthesis                          *
=========================================================================


=========================================================================
Advanced HDL Synthesis Report

Macro Statistics
# Registers                                            : 8
 Flip-Flops                                            : 8

=========================================================================

=========================================================================
*                         Low Level Synthesis                           *
=========================================================================

Optimizing unit <memByte> ...

Optimizing unit <FJKCE_MXILINX_memByte> ...

Mapping all equations...
Building and optimizing final netlist ...
Found area constraint ratio of 100 (+ 5) on block memByte, actual ratio is 0.

Final Macro Processing ...

=========================================================================
Final Register Report

Macro Statistics
# Registers                                            : 8
 Flip-Flops                                            : 8

=========================================================================

=========================================================================
*                           Partition Report                            *
=========================================================================

Partition Implementation Status
-------------------------------

  No Partitions were found in this design.

-------------------------------

=========================================================================
*                            Final Report                               *
=========================================================================
Final Results
RTL Top Level Output File Name     : memByte.ngr
Top Level Output File Name         : memByte
Output Format                      : NGC
Optimization Goal                  : Speed
Keep Hierarchy                     : No

Design Statistics
# IOs                              : 19

Cell Usage :
# BELS                             : 40
#      AND2B1                      : 8
#      AND3B1                      : 8
#      AND3B2                      : 8
#      INV                         : 8
#      OR3                         : 8
# FlipFlops/Latches                : 8
#      FDCE                        : 8
# Clock Buffers                    : 1
#      BUFGP                       : 1
# IO Buffers                       : 18
#      IBUF                        : 10
#      OBUF                        : 8
=========================================================================

Device utilization summary:
---------------------------

Selected Device : 3s100ecp132-4 

 Number of Slices:                        4  out of    960     0%  
 Number of Slice Flip Flops:              8  out of   1920     0%  
 Number of 4 input LUTs:                  8  out of   1920     0%  
 Number of IOs:                          19
 Number of bonded IOBs:                  19  out of     83    22%  
 Number of GCLKs:                         1  out of     24     4%  

---------------------------
Partition Resource Summary:
---------------------------

  No Partitions were found in this design.

---------------------------


=========================================================================
TIMING REPORT

NOTE: THESE TIMING NUMBERS ARE ONLY A SYNTHESIS ESTIMATE.
      FOR ACCURATE TIMING INFORMATION PLEASE REFER TO THE TRACE REPORT
      GENERATED AFTER PLACE-and-ROUTE.

Clock Information:
------------------
-----------------------------------+------------------------+-------+
Clock Signal                       | Clock buffer(FF name)  | Load  |
-----------------------------------+------------------------+-------+
SYS_CLK                            | BUFGP                  | 8     |
-----------------------------------+------------------------+-------+

Asynchronous Control Signals Information:
----------------------------------------
-----------------------------------+------------------------+-------+
Control Signal                     | Buffer(FF name)        | Load  |
-----------------------------------+------------------------+-------+
CLR                                | IBUF                   | 8     |
-----------------------------------+------------------------+-------+

Timing Summary:
---------------
Speed Grade: -4

   Minimum period: 3.678ns (Maximum Frequency: 271.887MHz)
   Minimum input arrival time before clock: 5.596ns
   Maximum output required time after clock: 4.394ns
   Maximum combinational path delay: No path found

Timing Detail:
--------------
All values displayed in nanoseconds (ns)

=========================================================================
Timing constraint: Default period analysis for Clock 'SYS_CLK'
  Clock period: 3.678ns (frequency: 271.887MHz)
  Total number of paths / destination ports: 16 / 8
-------------------------------------------------------------------------
Delay:               3.678ns (Levels of Logic = 2)
  Source:            XLXI_9/I_36_32 (FF)
  Destination:       XLXI_9/I_36_32 (FF)
  Source Clock:      SYS_CLK rising
  Destination Clock: SYS_CLK rising

  Data Path: XLXI_9/I_36_32 to XLXI_9/I_36_32
                                Gate     Net
    Cell:in->out      fanout   Delay   Delay  Logical Name (Net Name)
    ----------------------------------------  ------------
     FDCE:C->Q             3   0.591   0.531  I_36_32 (Q)
     AND3B2:I2->O          1   0.704   0.420  I_36_37 (A0)
     OR3:I2->O             1   0.704   0.420  I_36_41 (AD)
     FDCE:D                    0.308          I_36_32
    ----------------------------------------
    Total                      3.678ns (2.307ns logic, 1.371ns route)
                                       (62.7% logic, 37.3% route)

=========================================================================
Timing constraint: Default OFFSET IN BEFORE for Clock 'SYS_CLK'
  Total number of paths / destination ports: 56 / 16
-------------------------------------------------------------------------
Offset:              5.596ns (Levels of Logic = 5)
  Source:            byteIn<7> (PAD)
  Destination:       XLXI_9/I_36_32 (FF)
  Destination Clock: SYS_CLK rising

  Data Path: byteIn<7> to XLXI_9/I_36_32
                                Gate     Net
    Cell:in->out      fanout   Delay   Delay  Logical Name (Net Name)
    ----------------------------------------  ------------
     IBUF:I->O             4   1.218   0.587  byteIn_7_IBUF (byteIn_7_IBUF)
     INV:I->O              3   0.704   0.531  XLXI_18 (XLXN_17)
     begin scope: 'XLXI_9'
     AND3B2:I1->O          1   0.704   0.420  I_36_37 (A0)
     OR3:I2->O             1   0.704   0.420  I_36_41 (AD)
     FDCE:D                    0.308          I_36_32
    ----------------------------------------
    Total                      5.596ns (3.638ns logic, 1.958ns route)
                                       (65.0% logic, 35.0% route)

=========================================================================
Timing constraint: Default OFFSET OUT AFTER for Clock 'SYS_CLK'
  Total number of paths / destination ports: 8 / 8
-------------------------------------------------------------------------
Offset:              4.394ns (Levels of Logic = 2)
  Source:            XLXI_9/I_36_32 (FF)
  Destination:       byteOut<7> (PAD)
  Source Clock:      SYS_CLK rising

  Data Path: XLXI_9/I_36_32 to byteOut<7>
                                Gate     Net
    Cell:in->out      fanout   Delay   Delay  Logical Name (Net Name)
    ----------------------------------------  ------------
     FDCE:C->Q             3   0.591   0.531  I_36_32 (Q)
     end scope: 'XLXI_9'
     OBUF:I->O                 3.272          byteOut_7_OBUF (byteOut<7>)
    ----------------------------------------
    Total                      4.394ns (3.863ns logic, 0.531ns route)
                                       (87.9% logic, 12.1% route)

=========================================================================


Total REAL time to Xst completion: 8.00 secs
Total CPU time to Xst completion: 7.33 secs
 
--> 

Total memory usage is 266488 kilobytes

Number of errors   :    0 (   0 filtered)
Number of warnings :    0 (   0 filtered)
Number of infos    :    0 (   0 filtered)

