Release 14.7 - ngc2edif P.20131013 (nt64)
Copyright (c) 1995-2013 Xilinx, Inc.  All rights reserved.
Reading design memByte.ngc ...
WARNING:NetListWriters:298 - No output is written to memByte.xncf, ignored.
Processing design ...
   Preping design's networks ...
   Preping design's macros ...
  finished :Prep
Writing EDIF netlist file memByte.edif ...
ngc2edif: Total memory usage is 79136 kilobytes

Release 14.7 - ngc2edif P.20131013 (nt64)
Copyright (c) 1995-2013 Xilinx, Inc.  All rights reserved.
Reading design memByte.ngc ...
WARNING:NetListWriters:298 - No output is written to memByte.xncf, ignored.
Processing design ...
   Preping design's networks ...
   Preping design's macros ...
  finished :Prep
Writing EDIF netlist file memByte.edif ...
ngc2edif: Total memory usage is 79200 kilobytes

Release 14.7 - ngc2edif P.20131013 (nt64)
Copyright (c) 1995-2013 Xilinx, Inc.  All rights reserved.
Reading design memByte.ngc ...
WARNING:NetListWriters:298 - No output is written to memByte.xncf, ignored.
Processing design ...
   Preping design's networks ...
   Preping design's macros ...
  finished :Prep
Writing EDIF netlist file memByte.edif ...
ngc2edif: Total memory usage is 79392 kilobytes

