
****** PlanAhead v14.7 (64-bit)
  **** Build 321239 by xbuild on Fri Sep 27 19:29:51 MDT 2013
    ** Copyright 1986-1999, 2001-2013 Xilinx, Inc. All Rights Reserved.

INFO: [Common 17-78] Attempting to get a license: PlanAhead
INFO: [Common 17-290] Got license for PlanAhead
INFO: [Common 17-86] Your PlanAhead license expires in -1491 day(s)
INFO: [Device 21-36] Loading parts and site information from C:/Xilinx/14.7/ISE_DS/PlanAhead/data/parts/arch.xml
Parsing RTL primitives file [C:/Xilinx/14.7/ISE_DS/PlanAhead/data/parts/xilinx/rtl/prims/rtl_prims.xml]
Finished parsing RTL primitives file [C:/Xilinx/14.7/ISE_DS/PlanAhead/data/parts/xilinx/rtl/prims/rtl_prims.xml]
start_gui
source {C:/Users/Big D/Documents/GitHub/Physics-But-actually-CS-final/SandBox/SandBox/pa.fromNetlist.tcl}
# create_project -name SandBox -dir "C:/Users/Big D/Documents/GitHub/Physics-But-actually-CS-final/SandBox/SandBox/planAhead_run_1" -part xc3s100ecp132-4
# set_property design_mode GateLvl [get_property srcset [current_run -impl]]
# set_property edif_top_file "C:/Users/Big D/Documents/GitHub/Physics-But-actually-CS-final/SandBox/SandBox/SandBox.ngc" [ get_property srcset [ current_run ] ]
# add_files -norecurse { {C:/Users/Big D/Documents/GitHub/Physics-But-actually-CS-final/SandBox/SandBox} }
# set_param project.pinAheadLayout  yes
# set_property target_constrs_file "SandBox.ucf" [current_fileset -constrset]
Adding file 'C:/Users/Big D/Documents/GitHub/Physics-But-actually-CS-final/SandBox/SandBox/SandBox.ucf' to fileset 'constrs_1'
# add_files [list {SandBox.ucf}] -fileset [get_property constrset [current_run]]
# link_design
Design is defaulting to srcset: sources_1
Design is defaulting to constrset: constrs_1
Design is defaulting to project part: xc3s100ecp132-4
Release 14.7 - ngc2edif P.20131013 (nt64)
Copyright (c) 1995-2013 Xilinx, Inc.  All rights reserved.
Reading design SandBox.ngc ...
WARNING:NetListWriters:298 - No output is written to SandBox.xncf, ignored.
Processing design ...
   Preping design's networks ...
   Preping design's macros ...
  finished :Prep
Writing EDIF netlist file SandBox.edif ...
ngc2edif: Total memory usage is 79200 kilobytes

Parsing EDIF File [./planAhead_run_1/SandBox.data/cache/SandBox_ngc_zx.edif]
Finished Parsing EDIF File [./planAhead_run_1/SandBox.data/cache/SandBox_ngc_zx.edif]
INFO: [Designutils 20-910] Reading macro library C:/Xilinx/14.7/ISE_DS/PlanAhead/data\./parts/xilinx/spartan3e/spartan3e/hd_int_macros.edn
Parsing EDIF File [C:/Xilinx/14.7/ISE_DS/PlanAhead/data\./parts/xilinx/spartan3e/spartan3e/hd_int_macros.edn]
Finished Parsing EDIF File [C:/Xilinx/14.7/ISE_DS/PlanAhead/data\./parts/xilinx/spartan3e/spartan3e/hd_int_macros.edn]
Loading clock regions from C:/Xilinx/14.7/ISE_DS/PlanAhead/data\parts/xilinx/spartan3e/spartan3e/xc3s100e/ClockRegion.xml
Loading clock buffers from C:/Xilinx/14.7/ISE_DS/PlanAhead/data\parts/xilinx/spartan3e/spartan3e/xc3s100e/ClockBuffers.xml
Loading package from C:/Xilinx/14.7/ISE_DS/PlanAhead/data\parts/xilinx/spartan3e/spartan3e/xc3s100e/cp132/Package.xml
Loading io standards from C:/Xilinx/14.7/ISE_DS/PlanAhead/data\./parts/xilinx/spartan3e/IOStandards.xml
INFO: [Device 21-19] Loading pkg sso from C:/Xilinx/14.7/ISE_DS/PlanAhead/data\parts/xilinx/spartan3e/spartan3e/xc3s100e/cp132/SSORules.xml
Loading list of drcs for the architecture : C:/Xilinx/14.7/ISE_DS/PlanAhead/data\./parts/xilinx/spartan3e/spartan3e/drc.xml
INFO: [Timing 38-77] Reading timing library C:/Xilinx/14.7/ISE_DS/PlanAhead/data\parts/xilinx/spartan3e/spartan3e/spartan3e-4.lib.
INFO: [Timing 38-34] Done reading timing library C:/Xilinx/14.7/ISE_DS/PlanAhead/data\parts/xilinx/spartan3e/spartan3e/spartan3e-4.lib.
Parsing UCF File [C:/Users/Big D/Documents/GitHub/Physics-But-actually-CS-final/SandBox/SandBox/SandBox.ucf]
Finished Parsing UCF File [C:/Users/Big D/Documents/GitHub/Physics-But-actually-CS-final/SandBox/SandBox/SandBox.ucf]
INFO: [Project 1-111] Unisim Transformation Summary:
No Unisim elements were transformed.

Phase 0 | Netlist Checksum: f876492f
link_design: Time (s): elapsed = 00:00:05 . Memory (MB): peak = 560.582 ; gain = 135.191
startgroup
set_property package_pin N3 [get_ports {D[7]}]
endgroup
startgroup
set_property package_pin E2 [get_ports {D[6]}]
endgroup
startgroup
set_property package_pin F3 [get_ports {D[5]}]
endgroup
startgroup
set_property package_pin G3 [get_ports {D[4]}]
endgroup
startgroup
set_property package_pin B4 [get_ports {D[3]}]
endgroup
startgroup
set_property package_pin K3 [get_ports {D[2]}]
endgroup
startgroup
set_property package_pin L3 [get_ports {D[1]}]
endgroup
startgroup
set_property package_pin P11 [get_ports {D[0]}]
endgroup
startgroup
set_property package_pin G1 [get_ports {Q[7]}]
endgroup
startgroup
set_property package_pin P4 [get_ports {Q[6]}]
endgroup
startgroup
set_property package_pin N4 [get_ports {Q[5]}]
endgroup
startgroup
set_property package_pin N5 [get_ports {Q[4]}]
endgroup
startgroup
set_property package_pin P6 [get_ports {Q[3]}]
endgroup
startgroup
set_property package_pin P7 [get_ports {Q[2]}]
endgroup
startgroup
set_property package_pin M11 [get_ports {Q[1]}]
endgroup
startgroup
set_property package_pin M5 [get_ports {Q[0]}]
endgroup
save_constraints
exit
ERROR: [Common 17-39] 'stop_gui' failed due to earlier errors.
INFO: [Common 17-206] Exiting PlanAhead at Thu Nov 30 14:11:12 2017...
INFO: [Common 17-83] Releasing license: PlanAhead
