Release 14.7 - xst P.20131013 (nt64)
Copyright (c) 1995-2013 Xilinx, Inc.  All rights reserved.
--> Parameter TMPDIR set to xst/projnav.tmp


Total REAL time to Xst completion: 0.00 secs
Total CPU time to Xst completion: 0.10 secs
 
--> Parameter xsthdpdir set to xst


Total REAL time to Xst completion: 0.00 secs
Total CPU time to Xst completion: 0.10 secs
 
--> Reading design: signConverter2.prj

TABLE OF CONTENTS
  1) Synthesis Options Summary
  2) HDL Compilation
  3) Design Hierarchy Analysis
  4) HDL Analysis
  5) HDL Synthesis
     5.1) HDL Synthesis Report
  6) Advanced HDL Synthesis
     6.1) Advanced HDL Synthesis Report
  7) Low Level Synthesis
  8) Partition Report
  9) Final Report
	9.1) Device utilization summary
	9.2) Partition Resource Summary
	9.3) TIMING REPORT


=========================================================================
*                      Synthesis Options Summary                        *
=========================================================================
---- Source Parameters
Input File Name                    : "signConverter2.prj"
Input Format                       : mixed
Ignore Synthesis Constraint File   : NO

---- Target Parameters
Output File Name                   : "signConverter2"
Output Format                      : NGC
Target Device                      : xc3s100e-4-cp132

---- Source Options
Top Module Name                    : signConverter2
Automatic FSM Extraction           : YES
FSM Encoding Algorithm             : Auto
Safe Implementation                : No
FSM Style                          : LUT
RAM Extraction                     : Yes
RAM Style                          : Auto
ROM Extraction                     : Yes
Mux Style                          : Auto
Decoder Extraction                 : YES
Priority Encoder Extraction        : Yes
Shift Register Extraction          : YES
Logical Shifter Extraction         : YES
XOR Collapsing                     : YES
ROM Style                          : Auto
Mux Extraction                     : Yes
Resource Sharing                   : YES
Asynchronous To Synchronous        : NO
Multiplier Style                   : Auto
Automatic Register Balancing       : No

---- Target Options
Add IO Buffers                     : YES
Global Maximum Fanout              : 100000
Add Generic Clock Buffer(BUFG)     : 24
Register Duplication               : YES
Slice Packing                      : YES
Optimize Instantiated Primitives   : NO
Use Clock Enable                   : Yes
Use Synchronous Set                : Yes
Use Synchronous Reset              : Yes
Pack IO Registers into IOBs        : Auto
Equivalent register Removal        : YES

---- General Options
Optimization Goal                  : Speed
Optimization Effort                : 1
Keep Hierarchy                     : No
Netlist Hierarchy                  : As_Optimized
RTL Output                         : Yes
Global Optimization                : AllClockNets
Read Cores                         : YES
Write Timing Constraints           : NO
Cross Clock Analysis               : NO
Hierarchy Separator                : /
Bus Delimiter                      : <>
Case Specifier                     : Maintain
Slice Utilization Ratio            : 100
BRAM Utilization Ratio             : 100
Verilog 2001                       : YES
Auto BRAM Packing                  : NO
Slice Utilization Ratio Delta      : 5

=========================================================================


=========================================================================
*                          HDL Compilation                              *
=========================================================================
Compiling verilog file "signConverter2.vf" in library work
Module <M2_1_MXILINX_signConverter2> compiled
Module <ADSU8_MXILINX_signConverter2> compiled
Module <signConverter2> compiled
No errors in compilation
Analysis of file <"signConverter2.prj"> succeeded.
 

=========================================================================
*                     Design Hierarchy Analysis                         *
=========================================================================
Analyzing hierarchy for module <signConverter2> in library <work>.

Analyzing hierarchy for module <ADSU8_MXILINX_signConverter2> in library <work>.

Analyzing hierarchy for module <M2_1_MXILINX_signConverter2> in library <work>.

Analyzing hierarchy for module <M2_1_MXILINX_signConverter2> in library <work>.

Analyzing hierarchy for module <M2_1_MXILINX_signConverter2> in library <work>.

Analyzing hierarchy for module <M2_1_MXILINX_signConverter2> in library <work>.

Analyzing hierarchy for module <M2_1_MXILINX_signConverter2> in library <work>.

Analyzing hierarchy for module <M2_1_MXILINX_signConverter2> in library <work>.

Analyzing hierarchy for module <M2_1_MXILINX_signConverter2> in library <work>.

Analyzing hierarchy for module <M2_1_MXILINX_signConverter2> in library <work>.


=========================================================================
*                            HDL Analysis                               *
=========================================================================
Analyzing top module <signConverter2>.
WARNING:Xst:852 - "signConverter2.vf" line 274: Unconnected input port 'ADD' of instance 'XLXI_2' is tied to GND.
WARNING:Xst:852 - "signConverter2.vf" line 274: Unconnected input port 'B' of instance 'XLXI_2' is tied to GND.
Module <signConverter2> is correct for synthesis.
 
    Set user-defined property "HU_SET =  XLXI_2_0" for instance <XLXI_2> in unit <signConverter2>.
    Set user-defined property "HU_SET =  XLXI_58_5" for instance <XLXI_58> in unit <signConverter2>.
    Set user-defined property "HU_SET =  XLXI_59_6" for instance <XLXI_59> in unit <signConverter2>.
    Set user-defined property "HU_SET =  XLXI_60_7" for instance <XLXI_60> in unit <signConverter2>.
    Set user-defined property "HU_SET =  XLXI_61_8" for instance <XLXI_61> in unit <signConverter2>.
    Set user-defined property "HU_SET =  XLXI_62_1" for instance <XLXI_62> in unit <signConverter2>.
    Set user-defined property "HU_SET =  XLXI_63_2" for instance <XLXI_63> in unit <signConverter2>.
    Set user-defined property "HU_SET =  XLXI_64_3" for instance <XLXI_64> in unit <signConverter2>.
    Set user-defined property "HU_SET =  XLXI_65_4" for instance <XLXI_65> in unit <signConverter2>.
Analyzing module <ADSU8_MXILINX_signConverter2> in library <work>.
Module <ADSU8_MXILINX_signConverter2> is correct for synthesis.
 
    Set user-defined property "RLOC =  X1Y0" for instance <I_36_16> in unit <ADSU8_MXILINX_signConverter2>.
    Set user-defined property "RLOC =  X1Y0" for instance <I_36_17> in unit <ADSU8_MXILINX_signConverter2>.
    Set user-defined property "RLOC =  X1Y1" for instance <I_36_18> in unit <ADSU8_MXILINX_signConverter2>.
    Set user-defined property "RLOC =  X1Y1" for instance <I_36_19> in unit <ADSU8_MXILINX_signConverter2>.
    Set user-defined property "RLOC =  X1Y2" for instance <I_36_20> in unit <ADSU8_MXILINX_signConverter2>.
    Set user-defined property "RLOC =  X1Y2" for instance <I_36_21> in unit <ADSU8_MXILINX_signConverter2>.
    Set user-defined property "RLOC =  X1Y3" for instance <I_36_22> in unit <ADSU8_MXILINX_signConverter2>.
    Set user-defined property "RLOC =  X1Y3" for instance <I_36_23> in unit <ADSU8_MXILINX_signConverter2>.
    Set user-defined property "RLOC =  X1Y0" for instance <I_36_55> in unit <ADSU8_MXILINX_signConverter2>.
    Set user-defined property "RLOC =  X1Y1" for instance <I_36_58> in unit <ADSU8_MXILINX_signConverter2>.
    Set user-defined property "RLOC =  X1Y1" for instance <I_36_62> in unit <ADSU8_MXILINX_signConverter2>.
    Set user-defined property "RLOC =  X1Y2" for instance <I_36_63> in unit <ADSU8_MXILINX_signConverter2>.
    Set user-defined property "RLOC =  X1Y3" for instance <I_36_64> in unit <ADSU8_MXILINX_signConverter2>.
    Set user-defined property "RLOC =  X1Y3" for instance <I_36_107> in unit <ADSU8_MXILINX_signConverter2>.
    Set user-defined property "RLOC =  X1Y2" for instance <I_36_110> in unit <ADSU8_MXILINX_signConverter2>.
    Set user-defined property "RLOC =  X1Y0" for instance <I_36_111> in unit <ADSU8_MXILINX_signConverter2>.
Analyzing module <M2_1_MXILINX_signConverter2.1> in library <work>.
Module <M2_1_MXILINX_signConverter2.1> is correct for synthesis.
 
Analyzing module <M2_1_MXILINX_signConverter2.2> in library <work>.
Module <M2_1_MXILINX_signConverter2.2> is correct for synthesis.
 
Analyzing module <M2_1_MXILINX_signConverter2.3> in library <work>.
Module <M2_1_MXILINX_signConverter2.3> is correct for synthesis.
 
Analyzing module <M2_1_MXILINX_signConverter2.4> in library <work>.
Module <M2_1_MXILINX_signConverter2.4> is correct for synthesis.
 
Analyzing module <M2_1_MXILINX_signConverter2.5> in library <work>.
Module <M2_1_MXILINX_signConverter2.5> is correct for synthesis.
 
Analyzing module <M2_1_MXILINX_signConverter2.6> in library <work>.
Module <M2_1_MXILINX_signConverter2.6> is correct for synthesis.
 
Analyzing module <M2_1_MXILINX_signConverter2.7> in library <work>.
Module <M2_1_MXILINX_signConverter2.7> is correct for synthesis.
 
Analyzing module <M2_1_MXILINX_signConverter2.8> in library <work>.
Module <M2_1_MXILINX_signConverter2.8> is correct for synthesis.
 

=========================================================================
*                           HDL Synthesis                               *
=========================================================================

Performing bidirectional port resolution...

Synthesizing Unit <ADSU8_MXILINX_signConverter2>.
    Related source file is "signConverter2.vf".
WARNING:Xst:653 - Signal <dummy> is used but never assigned. This sourceless signal will be automatically connected to value 0.
Unit <ADSU8_MXILINX_signConverter2> synthesized.


Synthesizing Unit <M2_1_MXILINX_signConverter2_1>.
    Related source file is "signConverter2.vf".
Unit <M2_1_MXILINX_signConverter2_1> synthesized.


Synthesizing Unit <M2_1_MXILINX_signConverter2_2>.
    Related source file is "signConverter2.vf".
Unit <M2_1_MXILINX_signConverter2_2> synthesized.


Synthesizing Unit <M2_1_MXILINX_signConverter2_3>.
    Related source file is "signConverter2.vf".
Unit <M2_1_MXILINX_signConverter2_3> synthesized.


Synthesizing Unit <M2_1_MXILINX_signConverter2_4>.
    Related source file is "signConverter2.vf".
Unit <M2_1_MXILINX_signConverter2_4> synthesized.


Synthesizing Unit <M2_1_MXILINX_signConverter2_5>.
    Related source file is "signConverter2.vf".
Unit <M2_1_MXILINX_signConverter2_5> synthesized.


Synthesizing Unit <M2_1_MXILINX_signConverter2_6>.
    Related source file is "signConverter2.vf".
Unit <M2_1_MXILINX_signConverter2_6> synthesized.


Synthesizing Unit <M2_1_MXILINX_signConverter2_7>.
    Related source file is "signConverter2.vf".
Unit <M2_1_MXILINX_signConverter2_7> synthesized.


Synthesizing Unit <M2_1_MXILINX_signConverter2_8>.
    Related source file is "signConverter2.vf".
Unit <M2_1_MXILINX_signConverter2_8> synthesized.


Synthesizing Unit <signConverter2>.
    Related source file is "signConverter2.vf".
Unit <signConverter2> synthesized.


=========================================================================
HDL Synthesis Report

Found no macro
=========================================================================

=========================================================================
*                       Advanced HDL Synthesis                          *
=========================================================================


=========================================================================
Advanced HDL Synthesis Report

Found no macro
=========================================================================

=========================================================================
*                         Low Level Synthesis                           *
=========================================================================

Optimizing unit <signConverter2> ...

Optimizing unit <ADSU8_MXILINX_signConverter2> ...

Optimizing unit <M2_1_MXILINX_signConverter2_1> ...

Optimizing unit <M2_1_MXILINX_signConverter2_2> ...

Optimizing unit <M2_1_MXILINX_signConverter2_3> ...

Optimizing unit <M2_1_MXILINX_signConverter2_4> ...

Optimizing unit <M2_1_MXILINX_signConverter2_5> ...

Optimizing unit <M2_1_MXILINX_signConverter2_6> ...

Optimizing unit <M2_1_MXILINX_signConverter2_7> ...

Optimizing unit <M2_1_MXILINX_signConverter2_8> ...

Mapping all equations...
Building and optimizing final netlist ...
Found area constraint ratio of 100 (+ 5) on block signConverter2, actual ratio is 0.

Final Macro Processing ...

=========================================================================
Final Register Report

Found no macro
=========================================================================

=========================================================================
*                           Partition Report                            *
=========================================================================

Partition Implementation Status
-------------------------------

  No Partitions were found in this design.

-------------------------------

=========================================================================
*                            Final Report                               *
=========================================================================
Final Results
RTL Top Level Output File Name     : signConverter2.ngr
Top Level Output File Name         : signConverter2
Output Format                      : NGC
Optimization Goal                  : Speed
Keep Hierarchy                     : No

Design Statistics
# IOs                              : 25

Cell Usage :
# BELS                             : 67
#      AND2                        : 8
#      AND2B1                      : 8
#      GND                         : 2
#      INV                         : 16
#      MUXCY                       : 1
#      MUXCY_D                     : 1
#      MUXCY_L                     : 6
#      OR2                         : 8
#      XOR2                        : 1
#      XOR3                        : 8
#      XORCY                       : 8
# IO Buffers                       : 25
#      IBUF                        : 9
#      OBUF                        : 16
# Others                           : 8
#      FMAP                        : 8
=========================================================================

Device utilization summary:
---------------------------

Selected Device : 3s100ecp132-4 

 Number of Slices:                        8  out of    960     0%  
 Number of 4 input LUTs:                 16  out of   1920     0%  
 Number of IOs:                          25
 Number of bonded IOBs:                  25  out of     83    30%  

---------------------------
Partition Resource Summary:
---------------------------

  No Partitions were found in this design.

---------------------------


=========================================================================
TIMING REPORT

NOTE: THESE TIMING NUMBERS ARE ONLY A SYNTHESIS ESTIMATE.
      FOR ACCURATE TIMING INFORMATION PLEASE REFER TO THE TRACE REPORT
      GENERATED AFTER PLACE-and-ROUTE.

Clock Information:
------------------
No clock signals found in this design

Asynchronous Control Signals Information:
----------------------------------------
No asynchronous control signals found in this design

Timing Summary:
---------------
Speed Grade: -4

   Minimum period: No path found
   Minimum input arrival time before clock: No path found
   Maximum output required time after clock: No path found
   Maximum combinational path delay: 11.482ns

Timing Detail:
--------------
All values displayed in nanoseconds (ns)

=========================================================================
Timing constraint: Default path analysis
  Total number of paths / destination ports: 168 / 16
-------------------------------------------------------------------------
Delay:               11.482ns (Levels of Logic = 16)
  Source:            number<0> (PAD)
  Destination:       result<7> (PAD)

  Data Path: number<0> to result<7>
                                Gate     Net
    Cell:in->out      fanout   Delay   Delay  Logical Name (Net Name)
    ----------------------------------------  ------------
     IBUF:I->O             2   1.218   0.447  number_0_IBUF (number_0_IBUF)
     INV:I->O              1   0.704   0.420  XLXI_11 (numberInv<0>)
     begin scope: 'XLXI_2'
     XOR3:I0->O            1   0.704   0.000  I_36_50 (I0)
     MUXCY_L:S->LO         1   0.464   0.000  I_36_111 (C0)
     MUXCY_L:CI->LO        1   0.059   0.000  I_36_55 (C1)
     MUXCY_L:CI->LO        1   0.059   0.000  I_36_62 (C2)
     MUXCY_L:CI->LO        1   0.059   0.000  I_36_58 (C3)
     MUXCY_L:CI->LO        1   0.059   0.000  I_36_63 (C4)
     MUXCY_L:CI->LO        1   0.059   0.000  I_36_110 (C5)
     MUXCY_D:CI->LO        1   0.459   0.000  I_36_107 (C6)
     XORCY:CI->O           2   0.804   0.447  I_36_80 (S<7>)
     end scope: 'XLXI_2'
     begin scope: 'XLXI_65'
     AND2:I0->O            1   0.704   0.420  I_36_9 (M1)
     OR2:I0->O             1   0.704   0.420  I_36_8 (O)
     end scope: 'XLXI_65'
     OBUF:I->O                 3.272          result_7_OBUF (result<7>)
    ----------------------------------------
    Total                     11.482ns (9.328ns logic, 2.154ns route)
                                       (81.2% logic, 18.8% route)

=========================================================================


Total REAL time to Xst completion: 4.00 secs
Total CPU time to Xst completion: 4.35 secs
 
--> 

Total memory usage is 251784 kilobytes

Number of errors   :    0 (   0 filtered)
Number of warnings :    3 (   0 filtered)
Number of infos    :    0 (   0 filtered)

